"../../../Engine/Content/EngineMaterials/T_Default_Material_Grid_M.ubulk" 0
"../../../Engine/Content/EngineMaterials/T_Default_Material_Grid_M.uasset" 1
"../../../Engine/Content/EngineMaterials/T_Default_Material_Grid_M.uexp" 2
"../../../Engine/Content/EngineMaterials/T_Default_Material_Grid_N.ubulk" 3
"../../../Engine/Content/EngineMaterials/T_Default_Material_Grid_N.uasset" 4
"../../../Engine/Content/EngineMaterials/T_Default_Material_Grid_N.uexp" 5
"../../../Engine/Content/Functions/Engine_MaterialFunctions01/Opacity/CameraDepthFade.uasset" 6
"../../../Engine/Content/Functions/Engine_MaterialFunctions01/Opacity/CameraDepthFade.uexp" 7
"../../../Engine/Content/EngineMaterials/DefaultMaterial.uasset" 8
"../../../Engine/Content/EngineMaterials/DefaultMaterial.uexp" 9
"../../../Engine/Content/BasicShapes/Cylinder.ubulk" 10
"../../../Engine/Content/BasicShapes/Cylinder.uasset" 11
"../../../Engine/Content/BasicShapes/Cylinder.uexp" 12
"../../../Engine/Content/BasicShapes/Cone.ubulk" 13
"../../../Engine/Content/BasicShapes/Cone.uasset" 14
"../../../Engine/Content/BasicShapes/Cone.uexp" 15
"../../../Engine/Content/EngineMaterials/WorldGridMaterial.uasset" 16
"../../../Engine/Content/EngineMaterials/WorldGridMaterial.uexp" 17
"../../../Engine/Content/ArtTools/RenderToTexture/Meshes/S_1_Unit_Plane.ubulk" 18
"../../../Engine/Content/ArtTools/RenderToTexture/Meshes/S_1_Unit_Plane.uasset" 19
"../../../Engine/Content/ArtTools/RenderToTexture/Meshes/S_1_Unit_Plane.uexp" 20
"../../../Engine/Content/EditorLandscapeResources/DefaultAlphaTexture.uasset" 21
"../../../Engine/Content/EditorLandscapeResources/DefaultAlphaTexture.uexp" 22
"../../../Engine/Content/EditorLandscapeResources/DataLayer.uasset" 23
"../../../Engine/Content/EditorLandscapeResources/DataLayer.uexp" 24
"../../../Engine/Content/EditorMaterials/PreviewShadowIndicator.ubulk" 25
"../../../Engine/Content/EditorMaterials/PreviewShadowIndicator.uasset" 26
"../../../Engine/Content/EditorMaterials/PreviewShadowIndicator.uexp" 27
"../../../Engine/Content/EditorMaterials/PreviewShadowIndicatorMaterial.uasset" 28
"../../../Engine/Content/EditorMaterials/PreviewShadowIndicatorMaterial.uexp" 29
"../../../Engine/Content/EditorMaterials/MAT_Groups_Visibility.uasset" 30
"../../../Engine/Content/EditorMaterials/MAT_Groups_Visibility.uexp" 31
"../../../Engine/Content/EditorMaterials/MAT_Groups_Toggle.uasset" 32
"../../../Engine/Content/EditorMaterials/MAT_Groups_Toggle.uexp" 33
"../../../Engine/Content/EditorMaterials/MatineeGroups/MAT_Groups_Vector.uasset" 34
"../../../Engine/Content/EditorMaterials/MatineeGroups/MAT_Groups_Vector.uexp" 35
"../../../Engine/Content/EditorMaterials/MatineeGroups/MAT_Groups_Sound.uasset" 36
"../../../Engine/Content/EditorMaterials/MatineeGroups/MAT_Groups_Sound.uexp" 37
"../../../Engine/Content/EditorMaterials/MatineeGroups/MAT_Groups_Slomo.uasset" 38
"../../../Engine/Content/EditorMaterials/MatineeGroups/MAT_Groups_Slomo.uexp" 39
"../../../Engine/Content/EditorMaterials/MatineeGroups/MAT_Groups_Move.uasset" 40
"../../../Engine/Content/EditorMaterials/MatineeGroups/MAT_Groups_Move.uexp" 41
"../../../Engine/Content/EditorMaterials/ParticleSystems/PSysThumbnail_OOD.ubulk" 42
"../../../Engine/Content/EditorMaterials/ParticleSystems/PSysThumbnail_OOD.uasset" 43
"../../../Engine/Content/EditorMaterials/ParticleSystems/PSysThumbnail_OOD.uexp" 44
"../../../Engine/Content/EditorMaterials/ParticleSystems/PSysThumbnail_NoImage.ubulk" 45
"../../../Engine/Content/EditorMaterials/ParticleSystems/PSysThumbnail_NoImage.uasset" 46
"../../../Engine/Content/EditorMaterials/ParticleSystems/PSysThumbnail_NoImage.uexp" 47
"../../../Engine/Content/EditorMaterials/MatineeGroups/MAT_Groups_Float.uasset" 48
"../../../Engine/Content/EditorMaterials/MatineeGroups/MAT_Groups_Float.uexp" 49
"../../../Engine/Content/EditorMaterials/MatineeGroups/MAT_Groups_Fade.uasset" 50
"../../../Engine/Content/EditorMaterials/MatineeGroups/MAT_Groups_Fade.uexp" 51
"../../../Engine/Content/EditorMaterials/MatineeGroups/MAT_Groups_Event.uasset" 52
"../../../Engine/Content/EditorMaterials/MatineeGroups/MAT_Groups_Event.uexp" 53
"../../../Engine/Content/EditorMaterials/MatineeGroups/MAT_Groups_Director.uasset" 54
"../../../Engine/Content/EditorMaterials/MatineeGroups/MAT_Groups_Director.uexp" 55
"../../../Engine/Content/EditorMaterials/MatineeGroups/MAT_Groups_AudioMaster.uasset" 56
"../../../Engine/Content/EditorMaterials/MatineeGroups/MAT_Groups_AudioMaster.uexp" 57
"../../../Engine/Content/EditorMaterials/MatineeGroups/MAT_Groups_Anim.uasset" 58
"../../../Engine/Content/EditorMaterials/MatineeGroups/MAT_Groups_Anim.uexp" 59
"../../../Engine/Content/EditorMaterials/MatineeGroups/MAT_ColorTrack.uasset" 60
"../../../Engine/Content/EditorMaterials/MatineeGroups/MAT_ColorTrack.uexp" 61
"../../../Engine/Content/Functions/Engine_MaterialFunctions02/Utility/MakeFloat4.uasset" 62
"../../../Engine/Content/Functions/Engine_MaterialFunctions02/Utility/MakeFloat4.uexp" 63
"../../../Engine/Content/Functions/Engine_MaterialFunctions02/Utility/MakeFloat3.uasset" 64
"../../../Engine/Content/Functions/Engine_MaterialFunctions02/Utility/MakeFloat3.uexp" 65
"../../../Engine/Content/Functions/Engine_MaterialFunctions02/Utility/BreakOutFloat3Components.uasset" 66
"../../../Engine/Content/Functions/Engine_MaterialFunctions02/Utility/BreakOutFloat3Components.uexp" 67
"../../../Engine/Content/EditorMaterials/WorldPartition/WorldPartitionSpatialHashGridPreviewMaterial.uasset" 68
"../../../Engine/Content/EditorMaterials/WorldPartition/WorldPartitionSpatialHashGridPreviewMaterial.uexp" 69
"../../../Engine/Content/EditorMaterials/Camera/CineMat.uasset" 70
"../../../Engine/Content/EditorMaterials/Camera/CineMat.uexp" 71
"../../../Engine/Content/EditorMaterials/Camera/MI_CineMat_Rig.uasset" 72
"../../../Engine/Content/EditorMaterials/Camera/MI_CineMat_Rig.uexp" 73
"../../../Engine/Content/EditorMeshes/Camera/SM_RailRig_Track.ubulk" 74
"../../../Engine/Content/EditorMeshes/Camera/SM_RailRig_Track.uasset" 75
"../../../Engine/Content/EditorMeshes/Camera/SM_RailRig_Track.uexp" 76
"../../../Engine/Content/EditorMeshes/Camera/SM_RailRig_Mount.ubulk" 77
"../../../Engine/Content/EditorMeshes/Camera/SM_RailRig_Mount.uasset" 78
"../../../Engine/Content/EditorMeshes/Camera/SM_RailRig_Mount.uexp" 79
"../../../Engine/Content/EditorMeshes/Camera/SM_CraneRig_Mount.ubulk" 80
"../../../Engine/Content/EditorMeshes/Camera/SM_CraneRig_Mount.uasset" 81
"../../../Engine/Content/EditorMeshes/Camera/SM_CraneRig_Mount.uexp" 82
"../../../Engine/Content/EditorMeshes/Camera/SM_CraneRig_Body.ubulk" 83
"../../../Engine/Content/EditorMeshes/Camera/SM_CraneRig_Body.uasset" 84
"../../../Engine/Content/EditorMeshes/Camera/SM_CraneRig_Body.uexp" 85
"../../../Engine/Content/EditorMeshes/Camera/SM_CraneRig_Base.ubulk" 86
"../../../Engine/Content/EditorMeshes/Camera/SM_CraneRig_Base.uasset" 87
"../../../Engine/Content/EditorMeshes/Camera/SM_CraneRig_Base.uexp" 88
"../../../Engine/Content/EditorMeshes/Camera/SM_CraneRig_Arm.ubulk" 89
"../../../Engine/Content/EditorMeshes/Camera/SM_CraneRig_Arm.uasset" 90
"../../../Engine/Content/EditorMeshes/Camera/SM_CraneRig_Arm.uexp" 91
"../../../Engine/Content/EditorResources/S_TriggerSphere.uasset" 92
"../../../Engine/Content/EditorResources/S_TriggerSphere.uexp" 93
"../../../Engine/Content/EditorResources/S_TriggerCapsule.uasset" 94
"../../../Engine/Content/EditorResources/S_TriggerCapsule.uexp" 95
"../../../Engine/Content/EditorResources/S_TriggerBox.uasset" 96
"../../../Engine/Content/EditorResources/S_TriggerBox.uexp" 97
"../../../Engine/Content/EditorResources/S_Trigger.ubulk" 98
"../../../Engine/Content/EditorResources/S_Trigger.uasset" 99
"../../../Engine/Content/EditorResources/S_Trigger.uexp" 100
"../../../Engine/Content/EditorResources/S_Terrain.ubulk" 101
"../../../Engine/Content/EditorResources/S_Terrain.uasset" 102
"../../../Engine/Content/EditorResources/S_Terrain.uexp" 103
"../../../Engine/Content/EditorResources/S_Solver.ubulk" 104
"../../../Engine/Content/EditorResources/S_Solver.uasset" 105
"../../../Engine/Content/EditorResources/S_Solver.uexp" 106
"../../../Engine/Content/EditorResources/S_BoxReflectionCapture.uasset" 107
"../../../Engine/Content/EditorResources/S_BoxReflectionCapture.uexp" 108
"../../../Engine/Content/EditorResources/S_Actor.ubulk" 109
"../../../Engine/Content/EditorResources/S_Actor.uasset" 110
"../../../Engine/Content/EditorResources/S_Actor.uexp" 111
"../../../Engine/Content/EditorResources/EmptyActor.uasset" 112
"../../../Engine/Content/EditorResources/EmptyActor.uexp" 113
"../../../Engine/Content/EditorResources/BSPVertex.uasset" 114
"../../../Engine/Content/EditorResources/BSPVertex.uexp" 115
"../../../Engine/Content/EditorResources/LightIcons/S_LightError.uasset" 116
"../../../Engine/Content/EditorResources/LightIcons/S_LightError.uexp" 117
"../../../Engine/Content/EditorResources/SequenceRecorder/RecordingIndicator.uasset" 118
"../../../Engine/Content/EditorResources/SequenceRecorder/RecordingIndicator.uexp" 119
"../../../Engine/Content/EditorResources/SequenceRecorder/Countdown.uasset" 120
"../../../Engine/Content/EditorResources/SequenceRecorder/Countdown.uexp" 121
"../../../Engine/Content/EngineDamageTypes/DmgTypeBP_Environmental.uasset" 122
"../../../Engine/Content/EngineDamageTypes/DmgTypeBP_Environmental.uexp" 123
"../../../Engine/Content/Functions/Engine_MaterialFunctions02/Utility/CameraDirectionVector.uasset" 124
"../../../Engine/Content/Functions/Engine_MaterialFunctions02/Utility/CameraDirectionVector.uexp" 125
"../../../Engine/Content/EngineDebugMaterials/VolumeToRender.uasset" 126
"../../../Engine/Content/EngineDebugMaterials/VolumeToRender.uexp" 127
"../../../Engine/Content/EngineDebugMaterials/M_VolumeRenderSphereTracePP.uasset" 128
"../../../Engine/Content/EngineDebugMaterials/M_VolumeRenderSphereTracePP.uexp" 129
"../../../Engine/Content/EngineDebugMaterials/M_SimpleUnlitTranslucent.uasset" 130
"../../../Engine/Content/EngineDebugMaterials/M_SimpleUnlitTranslucent.uexp" 131
"../../../Engine/Content/EngineDebugMaterials/DebugMeshMaterial.uasset" 132
"../../../Engine/Content/EngineDebugMaterials/DebugMeshMaterial.uexp" 133
"../../../Engine/Content/EngineDebugMaterials/DebugEditorMaterial.uasset" 134
"../../../Engine/Content/EngineDebugMaterials/DebugEditorMaterial.uexp" 135
"../../../Engine/Content/EngineFonts/Faces/RobotoLight.uexp" 136
"../../../Engine/Content/EngineFonts/Faces/RobotoLight.uasset" 137
"../../../Engine/Content/EngineFonts/Faces/RobotoLight.ufont" 138
"../../../Engine/Content/EngineFonts/Faces/RobotoBold.uexp" 139
"../../../Engine/Content/EngineFonts/Faces/RobotoBold.uasset" 140
"../../../Engine/Content/EngineFonts/Faces/RobotoBold.ufont" 141
"../../../Engine/Content/EngineFonts/Faces/RobotoRegular.uexp" 142
"../../../Engine/Content/EngineFonts/Faces/RobotoRegular.uasset" 143
"../../../Engine/Content/EngineFonts/Faces/RobotoRegular.ufont" 144
"../../../Engine/Content/EngineFonts/Faces/DroidSansFallback.uexp" 145
"../../../Engine/Content/EngineFonts/Faces/DroidSansFallback.uasset" 146
"../../../Engine/Content/EngineFonts/Faces/DroidSansFallback.ufont" 147
"../../../Engine/Content/EngineFonts/Faces/RobotoItalic.uexp" 148
"../../../Engine/Content/EngineFonts/Faces/RobotoItalic.uasset" 149
"../../../Engine/Content/EngineFonts/Faces/RobotoItalic.ufont" 150
"../../../Engine/Content/EngineFonts/Faces/RobotoBoldItalic.uexp" 151
"../../../Engine/Content/EngineFonts/Faces/RobotoBoldItalic.uasset" 152
"../../../Engine/Content/EngineFonts/Faces/RobotoBoldItalic.ufont" 153
"../../../Engine/Content/EngineFonts/Roboto.uasset" 154
"../../../Engine/Content/EngineFonts/Roboto.uexp" 155
"../../../Engine/Content/EngineResources/WhiteSquareTexture.uasset" 156
"../../../Engine/Content/EngineResources/WhiteSquareTexture.uexp" 157
"../../../Engine/Content/EngineMaterials/Widget3DPassThrough.uasset" 158
"../../../Engine/Content/EngineMaterials/Widget3DPassThrough.uexp" 159
"../../../Engine/Content/EngineMaterials/Widget3DPassThrough_Translucent.uasset" 160
"../../../Engine/Content/EngineMaterials/Widget3DPassThrough_Translucent.uexp" 161
"../../../Engine/Content/EngineMaterials/Widget3DPassThrough_Translucent_OneSided.uasset" 162
"../../../Engine/Content/EngineMaterials/Widget3DPassThrough_Translucent_OneSided.uexp" 163
"../../../Engine/Content/EngineMaterials/Widget3DPassThrough_Opaque.uasset" 164
"../../../Engine/Content/EngineMaterials/Widget3DPassThrough_Opaque.uexp" 165
"../../../Engine/Content/EngineMaterials/Widget3DPassThrough_Opaque_OneSided.uasset" 166
"../../../Engine/Content/EngineMaterials/Widget3DPassThrough_Opaque_OneSided.uexp" 167
"../../../Engine/Content/EngineMaterials/Widget3DPassThrough_Masked_OneSided.uasset" 168
"../../../Engine/Content/EngineMaterials/Widget3DPassThrough_Masked_OneSided.uexp" 169
"../../../Engine/Content/EngineMaterials/Widget3DPassThrough_Masked.uasset" 170
"../../../Engine/Content/EngineMaterials/Widget3DPassThrough_Masked.uexp" 171
"../../../Engine/Content/EngineMaterials/WeightMapPlaceholderTexture.uasset" 172
"../../../Engine/Content/EngineMaterials/WeightMapPlaceholderTexture.uexp" 173
"../../../Engine/Content/EngineMaterials/RemoveSurfaceMaterial.uasset" 174
"../../../Engine/Content/EngineMaterials/RemoveSurfaceMaterial.uexp" 175
"../../../Engine/Content/EngineMaterials/PreintegratedSkinBRDF.uasset" 176
"../../../Engine/Content/EngineMaterials/PreintegratedSkinBRDF.uexp" 177
"../../../Engine/Content/EngineMaterials/DefaultCalibrationGrayscale.uasset" 178
"../../../Engine/Content/EngineMaterials/DefaultCalibrationGrayscale.uexp" 179
"../../../Engine/Content/EngineMaterials/PPM_DefaultCalibrationGrayscale.uasset" 180
"../../../Engine/Content/EngineMaterials/PPM_DefaultCalibrationGrayscale.uexp" 181
"../../../Engine/Content/EngineMaterials/DefaultCalibrationColor.uasset" 182
"../../../Engine/Content/EngineMaterials/DefaultCalibrationColor.uexp" 183
"../../../Engine/Content/EngineMaterials/PPM_DefaultCalibrationColor.uasset" 184
"../../../Engine/Content/EngineMaterials/PPM_DefaultCalibrationColor.uexp" 185
"../../../Engine/Content/Functions/Engine_MaterialFunctions02/WorldPositionOffset/CameraOffset.uasset" 186
"../../../Engine/Content/Functions/Engine_MaterialFunctions02/WorldPositionOffset/CameraOffset.uexp" 187
"../../../Engine/Content/EngineMaterials/PhAT_JointLimitMaterial.uasset" 188
"../../../Engine/Content/EngineMaterials/PhAT_JointLimitMaterial.uexp" 189
"../../../Engine/Content/EngineMaterials/InvalidLightmapSettings.ubulk" 190
"../../../Engine/Content/EngineMaterials/InvalidLightmapSettings.uasset" 191
"../../../Engine/Content/EngineMaterials/InvalidLightmapSettings.uexp" 192
"../../../Engine/Content/EngineMaterials/M_InvalidLightmapSettings.uasset" 193
"../../../Engine/Content/EngineMaterials/M_InvalidLightmapSettings.uexp" 194
"../../../Engine/Content/EngineMaterials/MiniFont.uasset" 195
"../../../Engine/Content/EngineMaterials/MiniFont.uexp" 196
"../../../Engine/Content/EngineMaterials/Good64x64TilingNoiseHighFreq.uasset" 197
"../../../Engine/Content/EngineMaterials/Good64x64TilingNoiseHighFreq.uexp" 198
"../../../Engine/Content/EngineMaterials/GizmoMaterial.uasset" 199
"../../../Engine/Content/EngineMaterials/GizmoMaterial.uexp" 200
"../../../Engine/Content/EngineMaterials/BaseFlattenEmissiveMap_VT.uasset" 201
"../../../Engine/Content/EngineMaterials/BaseFlattenEmissiveMap_VT.uexp" 202
"../../../Engine/Content/EngineMaterials/BaseFlattenGrayscaleMap_VT.uasset" 203
"../../../Engine/Content/EngineMaterials/BaseFlattenGrayscaleMap_VT.uexp" 204
"../../../Engine/Content/EngineMaterials/BaseFlattenLinearColor_VT.uasset" 205
"../../../Engine/Content/EngineMaterials/BaseFlattenLinearColor_VT.uexp" 206
"../../../Engine/Content/EngineMaterials/Black_1x1_EXR_Texture_VT.uasset" 207
"../../../Engine/Content/EngineMaterials/Black_1x1_EXR_Texture_VT.uexp" 208
"../../../Engine/Content/EngineMaterials/BaseFlattenDiffuseMap_VT.uasset" 209
"../../../Engine/Content/EngineMaterials/BaseFlattenDiffuseMap_VT.uexp" 210
"../../../Engine/Content/EngineMaterials/BaseFlattenNormalMap_VT.uasset" 211
"../../../Engine/Content/EngineMaterials/BaseFlattenNormalMap_VT.uexp" 212
"../../../Engine/Content/EngineMaterials/FlattenMaterial_WS_Normal_VT.uasset" 213
"../../../Engine/Content/EngineMaterials/FlattenMaterial_WS_Normal_VT.uexp" 214
"../../../Engine/Content/EngineMaterials/FlattenMaterial_VT.uasset" 215
"../../../Engine/Content/EngineMaterials/FlattenMaterial_VT.uexp" 216
"../../../Engine/Content/EngineMaterials/BaseFlattenNormalMap.uasset" 217
"../../../Engine/Content/EngineMaterials/BaseFlattenNormalMap.uexp" 218
"../../../Engine/Content/EngineMaterials/BaseFlattenGrayscaleMap.uasset" 219
"../../../Engine/Content/EngineMaterials/BaseFlattenGrayscaleMap.uexp" 220
"../../../Engine/Content/EngineMaterials/BaseFlattenDiffuseMap.uasset" 221
"../../../Engine/Content/EngineMaterials/BaseFlattenDiffuseMap.uexp" 222
"../../../Engine/Content/Functions/Engine_MaterialFunctions02/PivotPainter2/Black_1x1_EXR_Texture.uasset" 223
"../../../Engine/Content/Functions/Engine_MaterialFunctions02/PivotPainter2/Black_1x1_EXR_Texture.uexp" 224
"../../../Engine/Content/EngineMaterials/BaseFlattenEmissiveMap.uasset" 225
"../../../Engine/Content/EngineMaterials/BaseFlattenEmissiveMap.uexp" 226
"../../../Engine/Content/EngineMaterials/BaseFlattenLinearColor.uasset" 227
"../../../Engine/Content/EngineMaterials/BaseFlattenLinearColor.uexp" 228
"../../../Engine/Content/EngineMaterials/FlattenMaterial.uasset" 229
"../../../Engine/Content/EngineMaterials/FlattenMaterial.uexp" 230
"../../../Engine/Content/EngineMaterials/DefaultWhiteGrid_Low.uasset" 231
"../../../Engine/Content/EngineMaterials/DefaultWhiteGrid_Low.uexp" 232
"../../../Engine/Content/EngineMaterials/EmissiveMeshMaterial.uasset" 233
"../../../Engine/Content/EngineMaterials/EmissiveMeshMaterial.uexp" 234
"../../../Engine/Content/EngineMaterials/DefaultWhiteGrid.ubulk" 235
"../../../Engine/Content/EngineMaterials/DefaultWhiteGrid.uasset" 236
"../../../Engine/Content/EngineMaterials/DefaultWhiteGrid.uexp" 237
"../../../Engine/Content/EngineFonts/RobotoDistanceField.uasset" 238
"../../../Engine/Content/EngineFonts/RobotoDistanceField.uexp" 239
"../../../Engine/Content/EngineMaterials/DefaultTextMaterialOpaque.uasset" 240
"../../../Engine/Content/EngineMaterials/DefaultTextMaterialOpaque.uexp" 241
"../../../Engine/Content/EngineMaterials/DefaultDiffuse.ubulk" 242
"../../../Engine/Content/EngineMaterials/DefaultDiffuse.uasset" 243
"../../../Engine/Content/EngineMaterials/DefaultDiffuse.uexp" 244
"../../../Engine/Content/Functions/Engine_MaterialFunctions02/Utility/BreakOutFloat2Components.uasset" 245
"../../../Engine/Content/Functions/Engine_MaterialFunctions02/Utility/BreakOutFloat2Components.uexp" 246
"../../../Engine/Content/EngineMaterials/DefaultPostProcessMaterial.uasset" 247
"../../../Engine/Content/EngineMaterials/DefaultPostProcessMaterial.uexp" 248
"../../../Engine/Content/EngineMaterials/DefaultPhysicalMaterial.uasset" 249
"../../../Engine/Content/EngineMaterials/DefaultPhysicalMaterial.uexp" 250
"../../../Engine/Content/EngineMaterials/DefaultLightFunctionMaterial.uasset" 251
"../../../Engine/Content/EngineMaterials/DefaultLightFunctionMaterial.uexp" 252
"../../../Engine/Content/EngineMaterials/DefaultDestructiblePhysicalMaterial.uasset" 253
"../../../Engine/Content/EngineMaterials/DefaultDestructiblePhysicalMaterial.uexp" 254
"../../../Engine/Content/EngineMaterials/DefaultDeferredDecalMaterial.uasset" 255
"../../../Engine/Content/EngineMaterials/DefaultDeferredDecalMaterial.uexp" 256
"../../../Engine/Content/EngineMaterials/DefaultBokeh.uasset" 257
"../../../Engine/Content/EngineMaterials/DefaultBokeh.uexp" 258
"../../../Engine/Content/EngineMaterials/DefaultBloomKernel.uasset" 259
"../../../Engine/Content/EngineMaterials/DefaultBloomKernel.uexp" 260
"../../../Engine/Content/EngineMaterials/BlueNoise.uasset" 261
"../../../Engine/Content/EngineMaterials/BlueNoise.uexp" 262
"../../../Engine/Content/EngineMeshes/Sphere.ubulk" 263
"../../../Engine/Content/EngineMeshes/Sphere.uasset" 264
"../../../Engine/Content/EngineMeshes/Sphere.uexp" 265
"../../../Engine/Content/EngineResources/GradientTexture0.uasset" 266
"../../../Engine/Content/EngineResources/GradientTexture0.uexp" 267
"../../../Engine/Content/EngineResources/DefaultVolumeTexture2D.uasset" 268
"../../../Engine/Content/EngineResources/DefaultVolumeTexture2D.uexp" 269
"../../../Engine/Content/EngineResources/DefaultVolumeTexture.uasset" 270
"../../../Engine/Content/EngineResources/DefaultVolumeTexture.uexp" 271
"../../../Engine/Content/EngineResources/DefaultTextureCube.uasset" 272
"../../../Engine/Content/EngineResources/DefaultTextureCube.uexp" 273
"../../../Engine/Content/EngineResources/DefaultTexture.ubulk" 274
"../../../Engine/Content/EngineResources/DefaultTexture.uasset" 275
"../../../Engine/Content/EngineResources/DefaultTexture.uexp" 276
"../../../Engine/Content/EngineResources/Black.uasset" 277
"../../../Engine/Content/EngineResources/Black.uexp" 278
"../../../Engine/Content/EngineResources/FilmGrains/Marcie_Grain_v3_128_M2_000.uasset" 279
"../../../Engine/Content/EngineResources/FilmGrains/Marcie_Grain_v3_128_M2_000.uexp" 280
"../../../Engine/Content/EngineSky/VolumetricClouds/CloudWeatherTexture.uasset" 281
"../../../Engine/Content/EngineSky/VolumetricClouds/CloudWeatherTexture.uexp" 282
"../../../Engine/Content/Functions/Engine_MaterialFunctions02/Utility/MakeFloat2.uasset" 283
"../../../Engine/Content/Functions/Engine_MaterialFunctions02/Utility/MakeFloat2.uexp" 284
"../../../Engine/Content/EngineSky/VolumetricClouds/CloudGradientTexture.uasset" 285
"../../../Engine/Content/EngineSky/VolumetricClouds/CloudGradientTexture.uexp" 286
"../../../Engine/Content/EngineSky/VolumetricClouds/T_NoiseShape64.ubulk" 287
"../../../Engine/Content/EngineSky/VolumetricClouds/T_NoiseShape64.uasset" 288
"../../../Engine/Content/EngineSky/VolumetricClouds/T_NoiseShape64.uexp" 289
"../../../Engine/Content/EngineSky/VolumetricClouds/T_VolumeNoiseShape64.uasset" 290
"../../../Engine/Content/EngineSky/VolumetricClouds/T_VolumeNoiseShape64.uexp" 291
"../../../Engine/Content/EngineSky/VolumetricClouds/T_NoiseErosion.ubulk" 292
"../../../Engine/Content/EngineSky/VolumetricClouds/T_NoiseErosion.uasset" 293
"../../../Engine/Content/EngineSky/VolumetricClouds/T_NoiseErosion.uexp" 294
"../../../Engine/Content/EngineSky/VolumetricClouds/T_VolumeNoiseErosion32.uasset" 295
"../../../Engine/Content/EngineSky/VolumetricClouds/T_VolumeNoiseErosion32.uexp" 296
"../../../Engine/Content/EngineSky/VolumetricClouds/m_SimpleVolumetricCloud.uasset" 297
"../../../Engine/Content/EngineSky/VolumetricClouds/m_SimpleVolumetricCloud.uexp" 298
"../../../Engine/Content/EngineSky/VolumetricClouds/m_SimpleVolumetricCloud_Inst.uasset" 299
"../../../Engine/Content/EngineSky/VolumetricClouds/m_SimpleVolumetricCloud_Inst.uexp" 300
"../../../Engine/Content/EngineSounds/Master.uasset" 301
"../../../Engine/Content/EngineSounds/Master.uexp" 302
"../../../Engine/Content/Functions/Engine_MaterialFunctions01/Shading/PowerToRoughness.uasset" 303
"../../../Engine/Content/Functions/Engine_MaterialFunctions01/Shading/PowerToRoughness.uexp" 304
"../../../Engine/Content/Functions/Engine_MaterialFunctions01/Shading/ConvertFromDiffSpec.uasset" 305
"../../../Engine/Content/Functions/Engine_MaterialFunctions01/Shading/ConvertFromDiffSpec.uexp" 306
"../../../Engine/Content/MobileResources/HUD/VirtualJoystick_Background.uasset" 307
"../../../Engine/Content/MobileResources/HUD/VirtualJoystick_Background.uexp" 308
"../../../Engine/Content/MobileResources/HUD/VirtualJoystick_Thumb.uasset" 309
"../../../Engine/Content/MobileResources/HUD/VirtualJoystick_Thumb.uexp" 310
"../../../Engine/Content/MobileResources/HUD/DefaultVirtualJoysticks.uasset" 311
"../../../Engine/Content/MobileResources/HUD/DefaultVirtualJoysticks.uexp" 312
"../../../Engine/Content/Tutorial/ContentIntroCurve.uasset" 313
"../../../Engine/Content/Tutorial/ContentIntroCurve.uexp" 314
"../../../Engine/Content/Tutorial/BlueprintTutorials/TutorialAssets/Blueprint_64x.uasset" 315
"../../../Engine/Content/Tutorial/BlueprintTutorials/TutorialAssets/Blueprint_64x.uexp" 316
"../../../Engine/Content/Tutorial/Landscape/TutorialAssets/Landscape.uasset" 317
"../../../Engine/Content/Tutorial/Landscape/TutorialAssets/Landscape.uexp" 318
"../../../Engine/Content/EditorBlueprintResources/StandardMacros.uasset" 319
"../../../Engine/Content/EditorBlueprintResources/StandardMacros.uexp" 320
"../../../Engine/Content/Tutorial/SubEditors/TutorialAssets/TutorialMaterial.uasset" 321
"../../../Engine/Content/Tutorial/SubEditors/TutorialAssets/TutorialMaterial.uexp" 322
"../../../Engine/Content/VREditor/TransformGizmo/Main.uasset" 323
"../../../Engine/Content/VREditor/TransformGizmo/Main.uexp" 324
"../../../Engine/Content/VREditor/TransformGizmo/Xray.uasset" 325
"../../../Engine/Content/VREditor/TransformGizmo/Xray.uexp" 326
"../../../Engine/Content/VREditor/TransformGizmo/SM_Sequencer_Node.ubulk" 327
"../../../Engine/Content/VREditor/TransformGizmo/SM_Sequencer_Node.uasset" 328
"../../../Engine/Content/VREditor/TransformGizmo/SM_Sequencer_Node.uexp" 329
"../../../Engine/Content/VREditor/LaserPointer/VR_LaserPower_01.ubulk" 330
"../../../Engine/Content/VREditor/LaserPointer/VR_LaserPower_01.uasset" 331
"../../../Engine/Content/VREditor/LaserPointer/VR_LaserPower_01.uexp" 332
"../../../Engine/Content/VREditor/TransformGizmo/TransformGizmoMaterial.uasset" 333
"../../../Engine/Content/VREditor/TransformGizmo/TransformGizmoMaterial.uexp" 334
"../../../Engine/Content/VREditor/TransformGizmo/TranslucentTransformGizmoMaterial.uasset" 335
"../../../Engine/Content/VREditor/TransformGizmo/TranslucentTransformGizmoMaterial.uexp" 336
"../../../Engine/Content/VREditor/TransformGizmo/PlaneTranslationHandle.ubulk" 337
"../../../Engine/Content/VREditor/TransformGizmo/PlaneTranslationHandle.uasset" 338
"../../../Engine/Content/VREditor/TransformGizmo/PlaneTranslationHandle.uexp" 339
"../../../Engine/Content/VREditor/TransformGizmo/BoundingBoxEdge.ubulk" 340
"../../../Engine/Content/VREditor/TransformGizmo/BoundingBoxEdge.uasset" 341
"../../../Engine/Content/VREditor/TransformGizmo/BoundingBoxEdge.uexp" 342
"../../../Engine/Content/VREditor/TransformGizmo/BoundingBoxCorner.ubulk" 343
"../../../Engine/Content/VREditor/TransformGizmo/BoundingBoxCorner.uasset" 344
"../../../Engine/Content/VREditor/TransformGizmo/BoundingBoxCorner.uexp" 345
"../../../Engine/Plugins/2D/Paper2D/Content/PlaceholderTextures/DummySpriteTexture.ubulk" 346
"../../../Engine/Plugins/2D/Paper2D/Content/PlaceholderTextures/DummySpriteTexture.uasset" 347
"../../../Engine/Plugins/2D/Paper2D/Content/PlaceholderTextures/DummySpriteTexture.uexp" 348
"../../../Engine/Plugins/2D/Paper2D/Content/DefaultSpriteMaterial.uasset" 349
"../../../Engine/Plugins/2D/Paper2D/Content/DefaultSpriteMaterial.uexp" 350
"../../../Engine/Plugins/2D/Paper2D/Content/OpaqueUnlitSpriteMaterial.uasset" 351
"../../../Engine/Plugins/2D/Paper2D/Content/OpaqueUnlitSpriteMaterial.uexp" 352
"../../../Engine/Plugins/2D/Paper2D/Content/MaskedUnlitSpriteMaterial.uasset" 353
"../../../Engine/Plugins/2D/Paper2D/Content/MaskedUnlitSpriteMaterial.uexp" 354
"../../../Engine/Plugins/2D/Paper2D/Content/DummySprite.uasset" 355
"../../../Engine/Plugins/2D/Paper2D/Content/DummySprite.uexp" 356
"../../../Engine/Plugins/2D/Paper2D/Content/DefaultPaperTerrainMaterial.uasset" 357
"../../../Engine/Plugins/2D/Paper2D/Content/DefaultPaperTerrainMaterial.uexp" 358
"../../../Engine/Plugins/Animation/ControlRig/Content/M_Manip.uasset" 359
"../../../Engine/Plugins/Animation/ControlRig/Content/M_Manip.uexp" 360
"../../../Engine/Plugins/Animation/ControlRig/Content/Controls/DefaultGizmoLibraryNormalized.uasset" 361
"../../../Engine/Plugins/Animation/ControlRig/Content/Controls/DefaultGizmoLibraryNormalized.uexp" 362
"../../../Engine/Plugins/Animation/ControlRig/Content/Controls/ControlRig_Wedge_solid.ubulk" 363
"../../../Engine/Plugins/Animation/ControlRig/Content/Controls/ControlRig_Wedge_solid.uasset" 364
"../../../Engine/Plugins/Animation/ControlRig/Content/Controls/ControlRig_Wedge_solid.uexp" 365
"../../../Engine/Plugins/Animation/ControlRig/Content/Controls/ControlRig_Wedge_3mm.ubulk" 366
"../../../Engine/Plugins/Animation/ControlRig/Content/Controls/ControlRig_Wedge_3mm.uasset" 367
"../../../Engine/Plugins/Animation/ControlRig/Content/Controls/ControlRig_Wedge_3mm.uexp" 368
"../../../Engine/Plugins/Animation/ControlRig/Content/Controls/ControlRig_Wedge_1mm.ubulk" 369
"../../../Engine/Plugins/Animation/ControlRig/Content/Controls/ControlRig_Wedge_1mm.uasset" 370
"../../../Engine/Plugins/Animation/ControlRig/Content/Controls/ControlRig_Wedge_1mm.uexp" 371
"../../../Engine/Plugins/Animation/ControlRig/Content/Controls/ControlRig_Triangle_solid.ubulk" 372
"../../../Engine/Plugins/Animation/ControlRig/Content/Controls/ControlRig_Triangle_solid.uasset" 373
"../../../Engine/Plugins/Animation/ControlRig/Content/Controls/ControlRig_Triangle_solid.uexp" 374
"../../../Engine/Plugins/Animation/ControlRig/Content/Controls/ControlRig_Triangle_3mm.ubulk" 375
"../../../Engine/Plugins/Animation/ControlRig/Content/Controls/ControlRig_Triangle_3mm.uasset" 376
"../../../Engine/Plugins/Animation/ControlRig/Content/Controls/ControlRig_Triangle_3mm.uexp" 377
"../../../Engine/Plugins/Animation/ControlRig/Content/Controls/ControlRig_Triangle_1mm.ubulk" 378
"../../../Engine/Plugins/Animation/ControlRig/Content/Controls/ControlRig_Triangle_1mm.uasset" 379
"../../../Engine/Plugins/Animation/ControlRig/Content/Controls/ControlRig_Triangle_1mm.uexp" 380
"../../../Engine/Plugins/Animation/ControlRig/Content/Controls/ControlRig_Star4_solid.ubulk" 381
"../../../Engine/Plugins/Animation/ControlRig/Content/Controls/ControlRig_Star4_solid.uasset" 382
"../../../Engine/Plugins/Animation/ControlRig/Content/Controls/ControlRig_Star4_solid.uexp" 383
"../../../Engine/Plugins/Animation/ControlRig/Content/Controls/ControlRig_Star4_3mm.ubulk" 384
"../../../Engine/Plugins/Animation/ControlRig/Content/Controls/ControlRig_Star4_3mm.uasset" 385
"../../../Engine/Plugins/Animation/ControlRig/Content/Controls/ControlRig_Star4_3mm.uexp" 386
"../../../Engine/Plugins/Animation/ControlRig/Content/Controls/ControlRig_Star4_1mm.ubulk" 387
"../../../Engine/Plugins/Animation/ControlRig/Content/Controls/ControlRig_Star4_1mm.uasset" 388
"../../../Engine/Plugins/Animation/ControlRig/Content/Controls/ControlRig_Star4_1mm.uexp" 389
"../../../Engine/Plugins/Animation/ControlRig/Content/Controls/ControlRig_Square_solid.ubulk" 390
"../../../Engine/Plugins/Animation/ControlRig/Content/Controls/ControlRig_Square_solid.uasset" 391
"../../../Engine/Plugins/Animation/ControlRig/Content/Controls/ControlRig_Square_solid.uexp" 392
"../../../Engine/Plugins/Animation/ControlRig/Content/Controls/ControlRig_Square_3mm.ubulk" 393
"../../../Engine/Plugins/Animation/ControlRig/Content/Controls/ControlRig_Square_3mm.uasset" 394
"../../../Engine/Plugins/Animation/ControlRig/Content/Controls/ControlRig_Square_3mm.uexp" 395
"../../../Engine/Plugins/Animation/ControlRig/Content/Controls/ControlRig_Square_1mm.ubulk" 396
"../../../Engine/Plugins/Animation/ControlRig/Content/Controls/ControlRig_Square_1mm.uasset" 397
"../../../Engine/Plugins/Animation/ControlRig/Content/Controls/ControlRig_Square_1mm.uexp" 398
"../../../Engine/Plugins/Animation/ControlRig/Content/Controls/ControlRig_Sphere_solid.ubulk" 399
"../../../Engine/Plugins/Animation/ControlRig/Content/Controls/ControlRig_Sphere_solid.uasset" 400
"../../../Engine/Plugins/Animation/ControlRig/Content/Controls/ControlRig_Sphere_solid.uexp" 401
"../../../Engine/Plugins/Animation/ControlRig/Content/Controls/ControlRig_Sphere_3mm.ubulk" 402
"../../../Engine/Plugins/Animation/ControlRig/Content/Controls/ControlRig_Sphere_3mm.uasset" 403
"../../../Engine/Plugins/Animation/ControlRig/Content/Controls/ControlRig_Sphere_3mm.uexp" 404
"../../../Engine/Plugins/Animation/ControlRig/Content/Controls/ControlRig_Sphere_1mm.ubulk" 405
"../../../Engine/Plugins/Animation/ControlRig/Content/Controls/ControlRig_Sphere_1mm.uasset" 406
"../../../Engine/Plugins/Animation/ControlRig/Content/Controls/ControlRig_Sphere_1mm.uexp" 407
"../../../Engine/Plugins/Animation/ControlRig/Content/Controls/ControlRig_RoundedTriangle_solid.ubulk" 408
"../../../Engine/Plugins/Animation/ControlRig/Content/Controls/ControlRig_RoundedTriangle_solid.uasset" 409
"../../../Engine/Plugins/Animation/ControlRig/Content/Controls/ControlRig_RoundedTriangle_solid.uexp" 410
"../../../Engine/Plugins/Animation/ControlRig/Content/Controls/ControlRig_RoundedTriangle_3mm.ubulk" 411
"../../../Engine/Plugins/Animation/ControlRig/Content/Controls/ControlRig_RoundedTriangle_3mm.uasset" 412
"../../../Engine/Plugins/Animation/ControlRig/Content/Controls/ControlRig_RoundedTriangle_3mm.uexp" 413
"../../../Engine/Plugins/Animation/ControlRig/Content/Controls/ControlRig_RoundedTriangle_1mm.ubulk" 414
"../../../Engine/Plugins/Animation/ControlRig/Content/Controls/ControlRig_RoundedTriangle_1mm.uasset" 415
"../../../Engine/Plugins/Animation/ControlRig/Content/Controls/ControlRig_RoundedTriangle_1mm.uexp" 416
"../../../Engine/Plugins/Animation/ControlRig/Content/Controls/ControlRig_RoundedSquare_solid.ubulk" 417
"../../../Engine/Plugins/Animation/ControlRig/Content/Controls/ControlRig_RoundedSquare_solid.uasset" 418
"../../../Engine/Plugins/Animation/ControlRig/Content/Controls/ControlRig_RoundedSquare_solid.uexp" 419
"../../../Engine/Plugins/Animation/ControlRig/Content/Controls/ControlRig_RoundedSquare_3mm.ubulk" 420
"../../../Engine/Plugins/Animation/ControlRig/Content/Controls/ControlRig_RoundedSquare_3mm.uasset" 421
"../../../Engine/Plugins/Animation/ControlRig/Content/Controls/ControlRig_RoundedSquare_3mm.uexp" 422
"../../../Engine/Plugins/Animation/ControlRig/Content/Controls/ControlRig_RoundedSquare_1mm.ubulk" 423
"../../../Engine/Plugins/Animation/ControlRig/Content/Controls/ControlRig_RoundedSquare_1mm.uasset" 424
"../../../Engine/Plugins/Animation/ControlRig/Content/Controls/ControlRig_RoundedSquare_1mm.uexp" 425
"../../../Engine/Plugins/Animation/ControlRig/Content/Controls/ControlRig_QuarterCircle_solid.ubulk" 426
"../../../Engine/Plugins/Animation/ControlRig/Content/Controls/ControlRig_QuarterCircle_solid.uasset" 427
"../../../Engine/Plugins/Animation/ControlRig/Content/Controls/ControlRig_QuarterCircle_solid.uexp" 428
"../../../Engine/Plugins/Animation/ControlRig/Content/Controls/ControlRig_QuarterCircle_3mm.ubulk" 429
"../../../Engine/Plugins/Animation/ControlRig/Content/Controls/ControlRig_QuarterCircle_3mm.uasset" 430
"../../../Engine/Plugins/Animation/ControlRig/Content/Controls/ControlRig_QuarterCircle_3mm.uexp" 431
"../../../Engine/Plugins/Animation/ControlRig/Content/Controls/ControlRig_QuarterCircle_1mm.ubulk" 432
"../../../Engine/Plugins/Animation/ControlRig/Content/Controls/ControlRig_QuarterCircle_1mm.uasset" 433
"../../../Engine/Plugins/Animation/ControlRig/Content/Controls/ControlRig_QuarterCircle_1mm.uexp" 434
"../../../Engine/Plugins/Animation/ControlRig/Content/Controls/ControlRig_Pyramid_solid.ubulk" 435
"../../../Engine/Plugins/Animation/ControlRig/Content/Controls/ControlRig_Pyramid_solid.uasset" 436
"../../../Engine/Plugins/Animation/ControlRig/Content/Controls/ControlRig_Pyramid_solid.uexp" 437
"../../../Engine/Plugins/Animation/ControlRig/Content/Controls/ControlRig_Pyramid_3mm.ubulk" 438
"../../../Engine/Plugins/Animation/ControlRig/Content/Controls/ControlRig_Pyramid_3mm.uasset" 439
"../../../Engine/Plugins/Animation/ControlRig/Content/Controls/ControlRig_Pyramid_3mm.uexp" 440
"../../../Engine/Plugins/Animation/ControlRig/Content/Controls/ControlRig_Pyramid_1mm.ubulk" 441
"../../../Engine/Plugins/Animation/ControlRig/Content/Controls/ControlRig_Pyramid_1mm.uasset" 442
"../../../Engine/Plugins/Animation/ControlRig/Content/Controls/ControlRig_Pyramid_1mm.uexp" 443
"../../../Engine/Plugins/Animation/ControlRig/Content/Controls/ControlRig_Octagon_solid.ubulk" 444
"../../../Engine/Plugins/Animation/ControlRig/Content/Controls/ControlRig_Octagon_solid.uasset" 445
"../../../Engine/Plugins/Animation/ControlRig/Content/Controls/ControlRig_Octagon_solid.uexp" 446
"../../../Engine/Plugins/Animation/ControlRig/Content/Controls/ControlRig_Octagon_3mm.ubulk" 447
"../../../Engine/Plugins/Animation/ControlRig/Content/Controls/ControlRig_Octagon_3mm.uasset" 448
"../../../Engine/Plugins/Animation/ControlRig/Content/Controls/ControlRig_Octagon_3mm.uexp" 449
"../../../Engine/Plugins/Animation/ControlRig/Content/Controls/ControlRig_Octagon_1mm.ubulk" 450
"../../../Engine/Plugins/Animation/ControlRig/Content/Controls/ControlRig_Octagon_1mm.uasset" 451
"../../../Engine/Plugins/Animation/ControlRig/Content/Controls/ControlRig_Octagon_1mm.uexp" 452
"../../../Engine/Plugins/Animation/ControlRig/Content/Controls/ControlRig_Hexagon_solid.ubulk" 453
"../../../Engine/Plugins/Animation/ControlRig/Content/Controls/ControlRig_Hexagon_solid.uasset" 454
"../../../Engine/Plugins/Animation/ControlRig/Content/Controls/ControlRig_Hexagon_solid.uexp" 455
"../../../Engine/Plugins/Animation/ControlRig/Content/Controls/ControlRig_Hexagon_3mm.ubulk" 456
"../../../Engine/Plugins/Animation/ControlRig/Content/Controls/ControlRig_Hexagon_3mm.uasset" 457
"../../../Engine/Plugins/Animation/ControlRig/Content/Controls/ControlRig_Hexagon_3mm.uexp" 458
"../../../Engine/Plugins/Animation/ControlRig/Content/Controls/ControlRig_Hexagon_1mm.ubulk" 459
"../../../Engine/Plugins/Animation/ControlRig/Content/Controls/ControlRig_Hexagon_1mm.uasset" 460
"../../../Engine/Plugins/Animation/ControlRig/Content/Controls/ControlRig_Hexagon_1mm.uexp" 461
"../../../Engine/Plugins/Animation/ControlRig/Content/Controls/ControlRig_HalfCircle_solid.ubulk" 462
"../../../Engine/Plugins/Animation/ControlRig/Content/Controls/ControlRig_HalfCircle_solid.uasset" 463
"../../../Engine/Plugins/Animation/ControlRig/Content/Controls/ControlRig_HalfCircle_solid.uexp" 464
"../../../Engine/Plugins/Animation/ControlRig/Content/Controls/ControlRig_HalfCircle_3mm.ubulk" 465
"../../../Engine/Plugins/Animation/ControlRig/Content/Controls/ControlRig_HalfCircle_3mm.uasset" 466
"../../../Engine/Plugins/Animation/ControlRig/Content/Controls/ControlRig_HalfCircle_3mm.uexp" 467
"../../../Engine/Plugins/Animation/ControlRig/Content/Controls/ControlRig_HalfCircle_1mm.ubulk" 468
"../../../Engine/Plugins/Animation/ControlRig/Content/Controls/ControlRig_HalfCircle_1mm.uasset" 469
"../../../Engine/Plugins/Animation/ControlRig/Content/Controls/ControlRig_HalfCircle_1mm.uexp" 470
"../../../Engine/Plugins/Animation/ControlRig/Content/Controls/ControlRig_Diamond_solid.ubulk" 471
"../../../Engine/Plugins/Animation/ControlRig/Content/Controls/ControlRig_Diamond_solid.uasset" 472
"../../../Engine/Plugins/Animation/ControlRig/Content/Controls/ControlRig_Diamond_solid.uexp" 473
"../../../Engine/Plugins/Animation/ControlRig/Content/Controls/ControlRig_Diamond_3mm.ubulk" 474
"../../../Engine/Plugins/Animation/ControlRig/Content/Controls/ControlRig_Diamond_3mm.uasset" 475
"../../../Engine/Plugins/Animation/ControlRig/Content/Controls/ControlRig_Diamond_3mm.uexp" 476
"../../../Engine/Plugins/Animation/ControlRig/Content/Controls/ControlRig_Diamond_1mm.ubulk" 477
"../../../Engine/Plugins/Animation/ControlRig/Content/Controls/ControlRig_Diamond_1mm.uasset" 478
"../../../Engine/Plugins/Animation/ControlRig/Content/Controls/ControlRig_Diamond_1mm.uexp" 479
"../../../Engine/Plugins/Animation/ControlRig/Content/Controls/ControlRig_Circle_solid.ubulk" 480
"../../../Engine/Plugins/Animation/ControlRig/Content/Controls/ControlRig_Circle_solid.uasset" 481
"../../../Engine/Plugins/Animation/ControlRig/Content/Controls/ControlRig_Circle_solid.uexp" 482
"../../../Engine/Plugins/Animation/ControlRig/Content/Controls/ControlRig_Circle_3mm.ubulk" 483
"../../../Engine/Plugins/Animation/ControlRig/Content/Controls/ControlRig_Circle_3mm.uasset" 484
"../../../Engine/Plugins/Animation/ControlRig/Content/Controls/ControlRig_Circle_3mm.uexp" 485
"../../../Engine/Plugins/Animation/ControlRig/Content/Controls/ControlRig_Circle_1mm.ubulk" 486
"../../../Engine/Plugins/Animation/ControlRig/Content/Controls/ControlRig_Circle_1mm.uasset" 487
"../../../Engine/Plugins/Animation/ControlRig/Content/Controls/ControlRig_Circle_1mm.uexp" 488
"../../../Engine/Plugins/Animation/ControlRig/Content/Controls/ControlRig_Box_solid.ubulk" 489
"../../../Engine/Plugins/Animation/ControlRig/Content/Controls/ControlRig_Box_solid.uasset" 490
"../../../Engine/Plugins/Animation/ControlRig/Content/Controls/ControlRig_Box_solid.uexp" 491
"../../../Engine/Plugins/Animation/ControlRig/Content/Controls/ControlRig_Box_3mm.ubulk" 492
"../../../Engine/Plugins/Animation/ControlRig/Content/Controls/ControlRig_Box_3mm.uasset" 493
"../../../Engine/Plugins/Animation/ControlRig/Content/Controls/ControlRig_Box_3mm.uexp" 494
"../../../Engine/Plugins/Animation/ControlRig/Content/Controls/ControlRig_Box_1mm.ubulk" 495
"../../../Engine/Plugins/Animation/ControlRig/Content/Controls/ControlRig_Box_1mm.uasset" 496
"../../../Engine/Plugins/Animation/ControlRig/Content/Controls/ControlRig_Box_1mm.uexp" 497
"../../../Engine/Plugins/Animation/ControlRig/Content/Controls/ControlRig_Arrow_solid.ubulk" 498
"../../../Engine/Plugins/Animation/ControlRig/Content/Controls/ControlRig_Arrow_solid.uasset" 499
"../../../Engine/Plugins/Animation/ControlRig/Content/Controls/ControlRig_Arrow_solid.uexp" 500
"../../../Engine/Plugins/Animation/ControlRig/Content/Controls/ControlRig_Arrow_3mm.ubulk" 501
"../../../Engine/Plugins/Animation/ControlRig/Content/Controls/ControlRig_Arrow_3mm.uasset" 502
"../../../Engine/Plugins/Animation/ControlRig/Content/Controls/ControlRig_Arrow_3mm.uexp" 503
"../../../Engine/Plugins/Animation/ControlRig/Content/Controls/ControlRig_Arrow_1mm.ubulk" 504
"../../../Engine/Plugins/Animation/ControlRig/Content/Controls/ControlRig_Arrow_1mm.uasset" 505
"../../../Engine/Plugins/Animation/ControlRig/Content/Controls/ControlRig_Arrow_1mm.uexp" 506
"../../../Engine/Plugins/Animation/ControlRig/Content/Controls/ControlRig_Arrow4_solid.ubulk" 507
"../../../Engine/Plugins/Animation/ControlRig/Content/Controls/ControlRig_Arrow4_solid.uasset" 508
"../../../Engine/Plugins/Animation/ControlRig/Content/Controls/ControlRig_Arrow4_solid.uexp" 509
"../../../Engine/Plugins/Animation/ControlRig/Content/Controls/ControlRig_Arrow4_3mm.ubulk" 510
"../../../Engine/Plugins/Animation/ControlRig/Content/Controls/ControlRig_Arrow4_3mm.uasset" 511
"../../../Engine/Plugins/Animation/ControlRig/Content/Controls/ControlRig_Arrow4_3mm.uexp" 512
"../../../Engine/Plugins/Animation/ControlRig/Content/Controls/ControlRig_Arrow4_1mm.ubulk" 513
"../../../Engine/Plugins/Animation/ControlRig/Content/Controls/ControlRig_Arrow4_1mm.uasset" 514
"../../../Engine/Plugins/Animation/ControlRig/Content/Controls/ControlRig_Arrow4_1mm.uexp" 515
"../../../Engine/Plugins/Animation/ControlRig/Content/Controls/ControlRig_Arrow2_solid.ubulk" 516
"../../../Engine/Plugins/Animation/ControlRig/Content/Controls/ControlRig_Arrow2_solid.uasset" 517
"../../../Engine/Plugins/Animation/ControlRig/Content/Controls/ControlRig_Arrow2_solid.uexp" 518
"../../../Engine/Plugins/Animation/ControlRig/Content/Controls/ControlRig_Arrow2_3mm.ubulk" 519
"../../../Engine/Plugins/Animation/ControlRig/Content/Controls/ControlRig_Arrow2_3mm.uasset" 520
"../../../Engine/Plugins/Animation/ControlRig/Content/Controls/ControlRig_Arrow2_3mm.uexp" 521
"../../../Engine/Plugins/Animation/ControlRig/Content/Controls/ControlRig_Arrow2_1mm.ubulk" 522
"../../../Engine/Plugins/Animation/ControlRig/Content/Controls/ControlRig_Arrow2_1mm.uasset" 523
"../../../Engine/Plugins/Animation/ControlRig/Content/Controls/ControlRig_Arrow2_1mm.uexp" 524
"../../../Engine/Plugins/Animation/ControlRig/Content/Controls/ControlRigGizmoMaterial.uasset" 525
"../../../Engine/Plugins/Animation/ControlRig/Content/Controls/ControlRigGizmoMaterial.uexp" 526
"../../../Engine/Plugins/Editor/SpeedTreeImporter/Content/SpeedTree9/game_wind_noise.ubulk" 527
"../../../Engine/Plugins/Editor/SpeedTreeImporter/Content/SpeedTree9/game_wind_noise.uasset" 528
"../../../Engine/Plugins/Editor/SpeedTreeImporter/Content/SpeedTree9/game_wind_noise.uexp" 529
"../../../Engine/Plugins/Editor/SpeedTreeImporter/Content/SpeedTree9/UnpackDirection.uasset" 530
"../../../Engine/Plugins/Editor/SpeedTreeImporter/Content/SpeedTree9/UnpackDirection.uexp" 531
"../../../Engine/Content/Functions/Engine_MaterialFunctions02/ObjectLocalBounds.uasset" 532
"../../../Engine/Content/Functions/Engine_MaterialFunctions02/ObjectLocalBounds.uexp" 533
"../../../Engine/Content/Functions/Engine_MaterialFunctions02/UVs/BoundingBoxBased_0-1_UVW.uasset" 534
"../../../Engine/Content/Functions/Engine_MaterialFunctions02/UVs/BoundingBoxBased_0-1_UVW.uexp" 535
"../../../Engine/Content/Functions/Engine_MaterialFunctions02/Utility/VectorLength.uasset" 536
"../../../Engine/Content/Functions/Engine_MaterialFunctions02/Utility/VectorLength.uexp" 537
"../../../Engine/Plugins/Editor/SpeedTreeImporter/Content/SpeedTree9/UnpackInteger3.uasset" 538
"../../../Engine/Plugins/Editor/SpeedTreeImporter/Content/SpeedTree9/UnpackInteger3.uexp" 539
"../../../Engine/Plugins/Editor/SpeedTreeImporter/Content/SpeedTree9/SpeedTreeCameraFacing.uasset" 540
"../../../Engine/Plugins/Editor/SpeedTreeImporter/Content/SpeedTree9/SpeedTreeCameraFacing.uexp" 541
"../../../Engine/Content/Functions/Engine_MaterialFunctions02/WorldPositionOffset/ObjectScale.uasset" 542
"../../../Engine/Content/Functions/Engine_MaterialFunctions02/WorldPositionOffset/ObjectScale.uexp" 543
"../../../Engine/Content/Functions/Engine_MaterialFunctions02/SafeNormalize.uasset" 544
"../../../Engine/Content/Functions/Engine_MaterialFunctions02/SafeNormalize.uexp" 545
"../../../Engine/Plugins/Editor/SpeedTreeImporter/Content/SpeedTree9/SpeedTreeWindMotion.uasset" 546
"../../../Engine/Plugins/Editor/SpeedTreeImporter/Content/SpeedTree9/SpeedTreeWindMotion.uexp" 547
"../../../Engine/Plugins/Editor/SpeedTreeImporter/Content/SpeedTree9/SpeedTreeBranchMotion.uasset" 548
"../../../Engine/Plugins/Editor/SpeedTreeImporter/Content/SpeedTree9/SpeedTreeBranchMotion.uexp" 549
"../../../Engine/Plugins/Editor/SpeedTreeImporter/Content/SpeedTree9/SpeedTreeWind.uasset" 550
"../../../Engine/Plugins/Editor/SpeedTreeImporter/Content/SpeedTree9/SpeedTreeWind.uexp" 551
"../../../Engine/Plugins/Editor/SpeedTreeImporter/Content/SpeedTree9/EmptyNormal.uasset" 552
"../../../Engine/Plugins/Editor/SpeedTreeImporter/Content/SpeedTree9/EmptyNormal.uexp" 553
"../../../Engine/Plugins/Editor/SpeedTreeImporter/Content/SpeedTree9/Empty.uasset" 554
"../../../Engine/Plugins/Editor/SpeedTreeImporter/Content/SpeedTree9/Empty.uexp" 555
"../../../Engine/Plugins/Editor/SpeedTreeImporter/Content/SpeedTree9/SpeedTreeMaster.uasset" 556
"../../../Engine/Plugins/Editor/SpeedTreeImporter/Content/SpeedTree9/SpeedTreeMaster.uexp" 557
"../../../Engine/Plugins/Editor/SpeedTreeImporter/Content/SpeedTree9/SpeedTreeBillboard.uasset" 558
"../../../Engine/Plugins/Editor/SpeedTreeImporter/Content/SpeedTree9/SpeedTreeBillboard.uexp" 559
"../../../Engine/Plugins/Editor/SpeedTreeImporter/Content/SpeedTree9/SpeedTreeBillboardMaster.uasset" 560
"../../../Engine/Plugins/Editor/SpeedTreeImporter/Content/SpeedTree9/SpeedTreeBillboardMaster.uexp" 561
"../../../Engine/Plugins/Runtime/HairStrands/Content/Materials/HairMeshesDefaultMaterial.uasset" 562
"../../../Engine/Plugins/Runtime/HairStrands/Content/Materials/HairMeshesDefaultMaterial.uexp" 563
"../../../Engine/Plugins/Runtime/HairStrands/Content/Materials/HairDefaultMaterial.uasset" 564
"../../../Engine/Plugins/Runtime/HairStrands/Content/Materials/HairDefaultMaterial.uexp" 565
"../../../Engine/Plugins/Runtime/HairStrands/Content/Materials/HairGroupColors.uasset" 566
"../../../Engine/Plugins/Runtime/HairStrands/Content/Materials/HairGroupColors.uexp" 567
"../../../Engine/Content/EngineMaterials/HairColorMap.uasset" 568
"../../../Engine/Content/EngineMaterials/HairColorMap.uexp" 569
"../../../Engine/Content/EngineMaterials/HairDebugColor.uasset" 570
"../../../Engine/Content/EngineMaterials/HairDebugColor.uexp" 571
"../../../Engine/Plugins/Runtime/HairStrands/Content/Materials/HairDebugMaterial.uasset" 572
"../../../Engine/Plugins/Runtime/HairStrands/Content/Materials/HairDebugMaterial.uexp" 573
"../../../Engine/Plugins/Runtime/HairStrands/Content/Materials/HairCardsDefaultMaterial.uasset" 574
"../../../Engine/Plugins/Runtime/HairStrands/Content/Materials/HairCardsDefaultMaterial.uexp" 575
"../../../Engine/Content/BasicShapes/BasicShapeMaterial.uasset" 576
"../../../Engine/Content/BasicShapes/BasicShapeMaterial.uexp" 577
"../../../Engine/Content/BasicShapes/Plane.ubulk" 578
"../../../Engine/Content/BasicShapes/Plane.uasset" 579
"../../../Engine/Content/BasicShapes/Plane.uexp" 580
"S:/UnrealProjects/GMTKGameJam2022/Content/GameContent/Map/MapWalls.uasset" 581
"S:/UnrealProjects/GMTKGameJam2022/Content/GameContent/Map/MapWalls.uexp" 582
"S:/UnrealProjects/GMTKGameJam2022/Content/GameContent/Map/Meshes/UVEditMat.uasset" 583
"S:/UnrealProjects/GMTKGameJam2022/Content/GameContent/Map/Meshes/UVEditMat.uexp" 584
"S:/UnrealProjects/GMTKGameJam2022/Content/GameContent/Map/Meshes/triangle.ubulk" 585
"S:/UnrealProjects/GMTKGameJam2022/Content/GameContent/Map/Meshes/triangle.uasset" 586
"S:/UnrealProjects/GMTKGameJam2022/Content/GameContent/Map/Meshes/triangle.uexp" 587
"S:/UnrealProjects/GMTKGameJam2022/Content/GameContent/Map/Meshes/diamond.ubulk" 588
"S:/UnrealProjects/GMTKGameJam2022/Content/GameContent/Map/Meshes/diamond.uasset" 589
"S:/UnrealProjects/GMTKGameJam2022/Content/GameContent/Map/Meshes/diamond.uexp" 590
"../../../Engine/Content/EngineFonts/Faces/DroidSansMono.uexp" 591
"../../../Engine/Content/EngineFonts/Faces/DroidSansMono.uasset" 592
"../../../Engine/Content/EngineFonts/Faces/DroidSansMono.ufont" 593
"../../../Engine/Content/EngineFonts/DroidSansMono.uasset" 594
"../../../Engine/Content/EngineFonts/DroidSansMono.uexp" 595
"S:/UnrealProjects/GMTKGameJam2022/Content/GameContent/Player/WBP_Timer.uasset" 596
"S:/UnrealProjects/GMTKGameJam2022/Content/GameContent/Player/WBP_Timer.uexp" 597
"S:/UnrealProjects/GMTKGameJam2022/Content/GameContent/Player/Sound/MusicLoop1.ubulk" 598
"S:/UnrealProjects/GMTKGameJam2022/Content/GameContent/Player/Sound/MusicLoop1.uasset" 599
"S:/UnrealProjects/GMTKGameJam2022/Content/GameContent/Player/Sound/MusicLoop1.uexp" 600
"S:/UnrealProjects/GMTKGameJam2022/Content/GameContent/Player/Sword/Mesh/Material_002.uasset" 601
"S:/UnrealProjects/GMTKGameJam2022/Content/GameContent/Player/Sword/Mesh/Material_002.uexp" 602
"S:/UnrealProjects/GMTKGameJam2022/Content/GameContent/Player/Sword/Mesh/sword1_Plane_003.ubulk" 603
"S:/UnrealProjects/GMTKGameJam2022/Content/GameContent/Player/Sword/Mesh/sword1_Plane_003.uasset" 604
"S:/UnrealProjects/GMTKGameJam2022/Content/GameContent/Player/Sword/Mesh/sword1_Plane_003.uexp" 605
"S:/UnrealProjects/GMTKGameJam2022/Content/GameContent/Player/Sound/Slash1.ubulk" 606
"S:/UnrealProjects/GMTKGameJam2022/Content/GameContent/Player/Sound/Slash1.uasset" 607
"S:/UnrealProjects/GMTKGameJam2022/Content/GameContent/Player/Sound/Slash1.uexp" 608
"S:/UnrealProjects/GMTKGameJam2022/Content/GameContent/Map/Struc_ShapeLocations.uasset" 609
"S:/UnrealProjects/GMTKGameJam2022/Content/GameContent/Map/Struc_ShapeLocations.uexp" 610
"S:/UnrealProjects/GMTKGameJam2022/Content/GameContent/Player/Sword/Mesh/Material_003.uasset" 611
"S:/UnrealProjects/GMTKGameJam2022/Content/GameContent/Player/Sword/Mesh/Material_003.uexp" 612
"S:/UnrealProjects/GMTKGameJam2022/Content/GameContent/Player/Sword/Mesh/sword1_Plane_001.ubulk" 613
"S:/UnrealProjects/GMTKGameJam2022/Content/GameContent/Player/Sword/Mesh/sword1_Plane_001.uasset" 614
"S:/UnrealProjects/GMTKGameJam2022/Content/GameContent/Player/Sword/Mesh/sword1_Plane_001.uexp" 615
"../../../Engine/Plugins/FX/Niagara/Content/Enums/ENiagaraRandomnessMode.uasset" 616
"../../../Engine/Plugins/FX/Niagara/Content/Enums/ENiagaraRandomnessMode.uexp" 617
"../../../Engine/Plugins/FX/Niagara/Content/Enums/ENiagaraRandomnessEvaluation.uasset" 618
"../../../Engine/Plugins/FX/Niagara/Content/Enums/ENiagaraRandomnessEvaluation.uexp" 619
"../../../Engine/Plugins/FX/Niagara/Content/Functions/V2/CalculateRandomRangeFloat.uasset" 620
"../../../Engine/Plugins/FX/Niagara/Content/Functions/V2/CalculateRandomRangeFloat.uexp" 621
"../../../Engine/Plugins/FX/Niagara/Content/DynamicInputs/UniformRange/V2/RandomRangeFloat.uasset" 622
"../../../Engine/Plugins/FX/Niagara/Content/DynamicInputs/UniformRange/V2/RandomRangeFloat.uexp" 623
"../../../Engine/Plugins/FX/Niagara/Content/Enums/ENiagara_MassInitializationMode.uasset" 624
"../../../Engine/Plugins/FX/Niagara/Content/Enums/ENiagara_MassInitializationMode.uexp" 625
"../../../Engine/Plugins/FX/Niagara/Content/DefaultAssets/DefaultSpriteMaterial.uasset" 626
"../../../Engine/Plugins/FX/Niagara/Content/DefaultAssets/DefaultSpriteMaterial.uexp" 627
"../../../Engine/Plugins/FX/Niagara/Content/Functions/DirectionAndLengthSafe.uasset" 628
"../../../Engine/Plugins/FX/Niagara/Content/Functions/DirectionAndLengthSafe.uexp" 629
"../../../Engine/Plugins/FX/Niagara/Content/Modules/Update/Size/ScaleSpriteSizeBySpeed.uasset" 630
"../../../Engine/Plugins/FX/Niagara/Content/Modules/Update/Size/ScaleSpriteSizeBySpeed.uexp" 631
"../../../Engine/Plugins/FX/Niagara/Content/Functions/Localspace/TransformBase.uasset" 632
"../../../Engine/Plugins/FX/Niagara/Content/Functions/Localspace/TransformBase.uexp" 633
"../../../Engine/Plugins/FX/Niagara/Content/Functions/Localspace/TransformVector.uasset" 634
"../../../Engine/Plugins/FX/Niagara/Content/Functions/Localspace/TransformVector.uexp" 635
"../../../Engine/Plugins/FX/Niagara/Content/Modules/Update/Forces/GravityForce.uasset" 636
"../../../Engine/Plugins/FX/Niagara/Content/Modules/Update/Forces/GravityForce.uexp" 637
"../../../Engine/Plugins/FX/Niagara/Content/Enums/ENiagara_PositionInitializationMode.uasset" 638
"../../../Engine/Plugins/FX/Niagara/Content/Enums/ENiagara_PositionInitializationMode.uexp" 639
"../../../Engine/Plugins/FX/Niagara/Content/Icons/Modules/T_Icon_Solver_LimitSpeed.uasset" 640
"../../../Engine/Plugins/FX/Niagara/Content/Icons/Modules/T_Icon_Solver_LimitSpeed.uexp" 641
"../../../Engine/Plugins/FX/Niagara/Content/Functions/Rotation/MultiplyQuaternion.uasset" 642
"../../../Engine/Plugins/FX/Niagara/Content/Functions/Rotation/MultiplyQuaternion.uexp" 643
"../../../Engine/Plugins/FX/Niagara/Content/Functions/Rotation/AxisAngleToQuaternion.uasset" 644
"../../../Engine/Plugins/FX/Niagara/Content/Functions/Rotation/AxisAngleToQuaternion.uexp" 645
"../../../Engine/Plugins/FX/Niagara/Content/Modules/Solvers/ApplyRotationVector.uasset" 646
"../../../Engine/Plugins/FX/Niagara/Content/Modules/Solvers/ApplyRotationVector.uexp" 647
"../../../Engine/Plugins/FX/Niagara/Content/Icons/Modules/T_Icon_Solver_RotationalSolve.uasset" 648
"../../../Engine/Plugins/FX/Niagara/Content/Icons/Modules/T_Icon_Solver_RotationalSolve.uexp" 649
"../../../Engine/Plugins/FX/Niagara/Content/Icons/Modules/T_Icon_Solver_LimitAccel.uasset" 650
"../../../Engine/Plugins/FX/Niagara/Content/Icons/Modules/T_Icon_Solver_LimitAccel.uexp" 651
"../../../Engine/Plugins/FX/Niagara/Content/Modules/Solvers/SolveForcesAndVelocity.uasset" 652
"../../../Engine/Plugins/FX/Niagara/Content/Modules/Solvers/SolveForcesAndVelocity.uexp" 653
"../../../Engine/Plugins/FX/Niagara/Content/Modules/Update/Forces/Drag.uasset" 654
"../../../Engine/Plugins/FX/Niagara/Content/Modules/Update/Forces/Drag.uexp" 655
"../../../Engine/Plugins/FX/Niagara/Content/Enums/ENiagaraScaleColorMode.uasset" 656
"../../../Engine/Plugins/FX/Niagara/Content/Enums/ENiagaraScaleColorMode.uexp" 657
"../../../Engine/Plugins/FX/Niagara/Content/Modules/Update/Color/ScaleColor.uasset" 658
"../../../Engine/Plugins/FX/Niagara/Content/Modules/Update/Color/ScaleColor.uexp" 659
"../../../Engine/Plugins/FX/Niagara/Content/Enums/ENiagara_SizeScaleMode.uasset" 660
"../../../Engine/Plugins/FX/Niagara/Content/Enums/ENiagara_SizeScaleMode.uexp" 661
"../../../Engine/Plugins/FX/Niagara/Content/Enums/ENiagara_UVFlippingMode.uasset" 662
"../../../Engine/Plugins/FX/Niagara/Content/Enums/ENiagara_UVFlippingMode.uexp" 663
"../../../Engine/Plugins/FX/Niagara/Content/Functions/Localspace/SimulationPosition.uasset" 664
"../../../Engine/Plugins/FX/Niagara/Content/Functions/Localspace/SimulationPosition.uexp" 665
"../../../Engine/Plugins/FX/Niagara/Content/Functions/V2/CalculateRandomRangeInteger.uasset" 666
"../../../Engine/Plugins/FX/Niagara/Content/Functions/V2/CalculateRandomRangeInteger.uexp" 667
"../../../Engine/Plugins/FX/Niagara/Content/Enums/Ribbons/ENiagara_UnsetDirectSetRandom.uasset" 668
"../../../Engine/Plugins/FX/Niagara/Content/Enums/Ribbons/ENiagara_UnsetDirectSetRandom.uexp" 669
"../../../Engine/Plugins/FX/Niagara/Content/Enums/ENiagara_LifetimeMode.uasset" 670
"../../../Engine/Plugins/FX/Niagara/Content/Enums/ENiagara_LifetimeMode.uexp" 671
"../../../Engine/Plugins/FX/Niagara/Content/Functions/V2/CalculateRandomRange.uasset" 672
"../../../Engine/Plugins/FX/Niagara/Content/Functions/V2/CalculateRandomRange.uexp" 673
"../../../Engine/Plugins/FX/Niagara/Content/Functions/V2/CalculateRandomBool.uasset" 674
"../../../Engine/Plugins/FX/Niagara/Content/Functions/V2/CalculateRandomBool.uexp" 675
"../../../Engine/Plugins/FX/Niagara/Content/Enums/Ribbons/ENiagara_UnsetDirectSet.uasset" 676
"../../../Engine/Plugins/FX/Niagara/Content/Enums/Ribbons/ENiagara_UnsetDirectSet.uexp" 677
"../../../Engine/Plugins/FX/Niagara/Content/Enums/ENiagara_SpriteRotationMode.uasset" 678
"../../../Engine/Plugins/FX/Niagara/Content/Enums/ENiagara_SpriteRotationMode.uexp" 679
"../../../Engine/Plugins/FX/Niagara/Content/Enums/ENiagara_ColorInitializationMode.uasset" 680
"../../../Engine/Plugins/FX/Niagara/Content/Enums/ENiagara_ColorInitializationMode.uexp" 681
"../../../Engine/Plugins/FX/Niagara/Content/Functions/LinearColor/HueShiftLinearColor.uasset" 682
"../../../Engine/Plugins/FX/Niagara/Content/Functions/LinearColor/HueShiftLinearColor.uexp" 683
"../../../Engine/Plugins/FX/Niagara/Content/Enums/ENiagaraChannelCorrelation.uasset" 684
"../../../Engine/Plugins/FX/Niagara/Content/Enums/ENiagaraChannelCorrelation.uexp" 685
"../../../Engine/Plugins/FX/Niagara/Content/Modules/Spawn/Initialization/V2/InitializeParticle.uasset" 686
"../../../Engine/Plugins/FX/Niagara/Content/Modules/Spawn/Initialization/V2/InitializeParticle.uexp" 687
"../../../Engine/Plugins/FX/Niagara/Content/Functions/Math/SaturateFloat.uasset" 688
"../../../Engine/Plugins/FX/Niagara/Content/Functions/Math/SaturateFloat.uexp" 689
"../../../Engine/Plugins/FX/Niagara/Content/Functions/Rotation/XYZRotationToQuaternion.uasset" 690
"../../../Engine/Plugins/FX/Niagara/Content/Functions/Rotation/XYZRotationToQuaternion.uexp" 691
"../../../Engine/Plugins/FX/Niagara/Content/Functions/Rotation/MultiplyVectorWithQuaternion.uasset" 692
"../../../Engine/Plugins/FX/Niagara/Content/Functions/Rotation/MultiplyVectorWithQuaternion.uexp" 693
"../../../Engine/Plugins/FX/Niagara/Content/Functions/Rotation/FindQuatBetween.uasset" 694
"../../../Engine/Plugins/FX/Niagara/Content/Functions/Rotation/FindQuatBetween.uexp" 695
"../../../Engine/Plugins/FX/Niagara/Content/Functions/V2/CalculateRandomUnitVector.uasset" 696
"../../../Engine/Plugins/FX/Niagara/Content/Functions/V2/CalculateRandomUnitVector.uexp" 697
"../../../Engine/Plugins/FX/Niagara/Content/Enums/Angles/ENiagara_AngleInput.uasset" 698
"../../../Engine/Plugins/FX/Niagara/Content/Enums/Angles/ENiagara_AngleInput.uexp" 699
"../../../Engine/Plugins/FX/Niagara/Content/Functions/Rotation/AngleUnitConverter.uasset" 700
"../../../Engine/Plugins/FX/Niagara/Content/Functions/Rotation/AngleUnitConverter.uexp" 701
"../../../Engine/Plugins/FX/Niagara/Content/Enums/Utility/ENiagara_VelocityMode.uasset" 702
"../../../Engine/Plugins/FX/Niagara/Content/Enums/Utility/ENiagara_VelocityMode.uexp" 703
"../../../Engine/Plugins/FX/Niagara/Content/Functions/Rotation/InvertQuaternion.uasset" 704
"../../../Engine/Plugins/FX/Niagara/Content/Functions/Rotation/InvertQuaternion.uexp" 705
"../../../Engine/Plugins/FX/Niagara/Content/Functions/Rotation/MatrixToQuaternion.uasset" 706
"../../../Engine/Plugins/FX/Niagara/Content/Functions/Rotation/MatrixToQuaternion.uexp" 707
"../../../Engine/Plugins/FX/Niagara/Content/Functions/Rotation/MakeQuaternionFrom3BasisVectors.uasset" 708
"../../../Engine/Plugins/FX/Niagara/Content/Functions/Rotation/MakeQuaternionFrom3BasisVectors.uexp" 709
"../../../Engine/Plugins/FX/Niagara/Content/Enums/Transforms/ENiagara_RotationMode.uasset" 710
"../../../Engine/Plugins/FX/Niagara/Content/Enums/Transforms/ENiagara_RotationMode.uexp" 711
"../../../Engine/Plugins/FX/Niagara/Content/Functions/Rotation/TransformStack/TransformStack_Rotation.uasset" 712
"../../../Engine/Plugins/FX/Niagara/Content/Functions/Rotation/TransformStack/TransformStack_Rotation.uexp" 713
"../../../Engine/Plugins/FX/Niagara/Content/Functions/GetRandomInfo.uasset" 714
"../../../Engine/Plugins/FX/Niagara/Content/Functions/GetRandomInfo.uexp" 715
"../../../Engine/Plugins/FX/Niagara/Content/Functions/RandomRangeFloat.uasset" 716
"../../../Engine/Plugins/FX/Niagara/Content/Functions/RandomRangeFloat.uexp" 717
"../../../Engine/Plugins/FX/Niagara/Content/Functions/Math/CalculateRandomPointInConeSphereIntersection.uasset" 718
"../../../Engine/Plugins/FX/Niagara/Content/Functions/Math/CalculateRandomPointInConeSphereIntersection.uexp" 719
"../../../Engine/Plugins/FX/Niagara/Content/Functions/NormalizeDistanceRange.uasset" 720
"../../../Engine/Plugins/FX/Niagara/Content/Functions/NormalizeDistanceRange.uexp" 721
"../../../Engine/Plugins/FX/Niagara/Content/Functions/DistanceBasedFalloff.uasset" 722
"../../../Engine/Plugins/FX/Niagara/Content/Functions/DistanceBasedFalloff.uexp" 723
"../../../Engine/Plugins/FX/Niagara/Content/Modules/Spawn/Velocity/AddVelocity.uasset" 724
"../../../Engine/Plugins/FX/Niagara/Content/Modules/Spawn/Velocity/AddVelocity.uexp" 725
"../../../Engine/Plugins/FX/Niagara/Content/Enums/ENiagaraEmitterLifeCycleMode.uasset" 726
"../../../Engine/Plugins/FX/Niagara/Content/Enums/ENiagaraEmitterLifeCycleMode.uexp" 727
"../../../Engine/Plugins/FX/Niagara/Content/Functions/Emitter/EmitterChangeState.uasset" 728
"../../../Engine/Plugins/FX/Niagara/Content/Functions/Emitter/EmitterChangeState.uexp" 729
"../../../Engine/Plugins/FX/Niagara/Content/Enums/ENiagara_InfiniteLoopDuration.uasset" 730
"../../../Engine/Plugins/FX/Niagara/Content/Enums/ENiagara_InfiniteLoopDuration.uexp" 731
"../../../Engine/Plugins/FX/Niagara/Content/Enums/ENiagara_EmitterStateOptions.uasset" 732
"../../../Engine/Plugins/FX/Niagara/Content/Enums/ENiagara_EmitterStateOptions.uexp" 733
"../../../Engine/Plugins/FX/Niagara/Content/Enums/ENiagaraInactiveMode.uasset" 734
"../../../Engine/Plugins/FX/Niagara/Content/Enums/ENiagaraInactiveMode.uexp" 735
"../../../Engine/Plugins/FX/Niagara/Content/Enums/ENiagaraExecutionStateManagement.uasset" 736
"../../../Engine/Plugins/FX/Niagara/Content/Enums/ENiagaraExecutionStateManagement.uexp" 737
"../../../Engine/Plugins/FX/Niagara/Content/Enums/ENiagaraEmitterScalabilityMode_Limited.uasset" 738
"../../../Engine/Plugins/FX/Niagara/Content/Enums/ENiagaraEmitterScalabilityMode_Limited.uexp" 739
"../../../Engine/Plugins/FX/Niagara/Content/Modules/Emitter/EmitterState.uasset" 740
"../../../Engine/Plugins/FX/Niagara/Content/Modules/Emitter/EmitterState.uexp" 741
"../../../Engine/Plugins/FX/Niagara/Content/Modules/Emitter/SpawnBurst_Instantaneous.uasset" 742
"../../../Engine/Plugins/FX/Niagara/Content/Modules/Emitter/SpawnBurst_Instantaneous.uexp" 743
"../../../Engine/Plugins/FX/Niagara/Content/Enums/ENiagaraSystemInactiveMode.uasset" 744
"../../../Engine/Plugins/FX/Niagara/Content/Enums/ENiagaraSystemInactiveMode.uexp" 745
"../../../Engine/Plugins/FX/Niagara/Content/Functions/System/SystemChangeState.uasset" 746
"../../../Engine/Plugins/FX/Niagara/Content/Functions/System/SystemChangeState.uexp" 747
"../../../Engine/Plugins/FX/Niagara/Content/Modules/System/SystemState.uasset" 748
"../../../Engine/Plugins/FX/Niagara/Content/Modules/System/SystemState.uexp" 749
"../../../Engine/Plugins/FX/Niagara/Content/DynamicInputs/ValueFromCurve/FloatFromCurve.uasset" 750
"../../../Engine/Plugins/FX/Niagara/Content/DynamicInputs/ValueFromCurve/FloatFromCurve.uexp" 751
"../../../Engine/Plugins/FX/Niagara/Content/Icons/Modules/T_Icon_Particle_InfiniteLife.uasset" 752
"../../../Engine/Plugins/FX/Niagara/Content/Icons/Modules/T_Icon_Particle_InfiniteLife.uexp" 753
"../../../Engine/Plugins/FX/Niagara/Content/Modules/Update/Lifetime/ParticleState.uasset" 754
"../../../Engine/Plugins/FX/Niagara/Content/Modules/Update/Lifetime/ParticleState.uexp" 755
"S:/UnrealProjects/GMTKGameJam2022/Content/GameContent/Player/NS_DashLines.uasset" 756
"S:/UnrealProjects/GMTKGameJam2022/Content/GameContent/Player/NS_DashLines.uexp" 757
"S:/UnrealProjects/GMTKGameJam2022/Content/GameContent/Player/PC_Player3.uasset" 758
"S:/UnrealProjects/GMTKGameJam2022/Content/GameContent/Player/PC_Player3.uexp" 759
"S:/UnrealProjects/GMTKGameJam2022/Content/GameContent/Player/Sword/Mesh/Mat_Slash.uasset" 760
"S:/UnrealProjects/GMTKGameJam2022/Content/GameContent/Player/Sword/Mesh/Mat_Slash.uexp" 761
"S:/UnrealProjects/GMTKGameJam2022/Content/GameContent/Player/Sword/Mesh/Mat_Slash_Inst.uasset" 762
"S:/UnrealProjects/GMTKGameJam2022/Content/GameContent/Player/Sword/Mesh/Mat_Slash_Inst.uexp" 763
"S:/UnrealProjects/GMTKGameJam2022/Content/GameContent/Player/Sword/Mesh/Material_001.uasset" 764
"S:/UnrealProjects/GMTKGameJam2022/Content/GameContent/Player/Sword/Mesh/Material_001.uexp" 765
"S:/UnrealProjects/GMTKGameJam2022/Content/GameContent/Player/Sword/Mesh/sword1_Plane_002.ubulk" 766
"S:/UnrealProjects/GMTKGameJam2022/Content/GameContent/Player/Sword/Mesh/sword1_Plane_002.uasset" 767
"S:/UnrealProjects/GMTKGameJam2022/Content/GameContent/Player/Sword/Mesh/sword1_Plane_002.uexp" 768
"S:/UnrealProjects/GMTKGameJam2022/Content/GameContent/Player/Sword/Mesh/Material_004.uasset" 769
"S:/UnrealProjects/GMTKGameJam2022/Content/GameContent/Player/Sword/Mesh/Material_004.uexp" 770
"S:/UnrealProjects/GMTKGameJam2022/Content/GameContent/Player/Sword/Mesh/sword1_Plane.ubulk" 771
"S:/UnrealProjects/GMTKGameJam2022/Content/GameContent/Player/Sword/Mesh/sword1_Plane.uasset" 772
"S:/UnrealProjects/GMTKGameJam2022/Content/GameContent/Player/Sword/Mesh/sword1_Plane.uexp" 773
"S:/UnrealProjects/GMTKGameJam2022/Content/GameContent/Enemy/BP_EnemyParent.uasset" 774
"S:/UnrealProjects/GMTKGameJam2022/Content/GameContent/Enemy/BP_EnemyParent.uexp" 775
"../../../Engine/Content/BasicShapes/Cube.ubulk" 776
"../../../Engine/Content/BasicShapes/Cube.uasset" 777
"../../../Engine/Content/BasicShapes/Cube.uexp" 778
"S:/UnrealProjects/GMTKGameJam2022/Content/GameContent/Player/BP_DashCamShake.uasset" 779
"S:/UnrealProjects/GMTKGameJam2022/Content/GameContent/Player/BP_DashCamShake.uexp" 780
"S:/UnrealProjects/GMTKGameJam2022/Content/GameContent/Map/MapRotator.uasset" 781
"S:/UnrealProjects/GMTKGameJam2022/Content/GameContent/Map/MapRotator.uexp" 782
"../../../Engine/Content/BasicShapes/Sphere.ubulk" 783
"../../../Engine/Content/BasicShapes/Sphere.uasset" 784
"../../../Engine/Content/BasicShapes/Sphere.uexp" 785
"S:/UnrealProjects/GMTKGameJam2022/Content/GameContent/Map/MapCenter.uasset" 786
"S:/UnrealProjects/GMTKGameJam2022/Content/GameContent/Map/MapCenter.uexp" 787
"S:/UnrealProjects/GMTKGameJam2022/Content/GameContent/Player/Sword/Mesh/UVEditMat.uasset" 788
"S:/UnrealProjects/GMTKGameJam2022/Content/GameContent/Player/Sword/Mesh/UVEditMat.uexp" 789
"S:/UnrealProjects/GMTKGameJam2022/Content/GameContent/Player/Sword/Mesh/slashFX.ubulk" 790
"S:/UnrealProjects/GMTKGameJam2022/Content/GameContent/Player/Sword/Mesh/slashFX.uasset" 791
"S:/UnrealProjects/GMTKGameJam2022/Content/GameContent/Player/Sword/Mesh/slashFX.uexp" 792
"S:/UnrealProjects/GMTKGameJam2022/Content/GameContent/Player/BP_SwordCamShake.uasset" 793
"S:/UnrealProjects/GMTKGameJam2022/Content/GameContent/Player/BP_SwordCamShake.uexp" 794
"S:/UnrealProjects/GMTKGameJam2022/Content/GameContent/Player/Sound/Dash.ubulk" 795
"S:/UnrealProjects/GMTKGameJam2022/Content/GameContent/Player/Sound/Dash.uasset" 796
"S:/UnrealProjects/GMTKGameJam2022/Content/GameContent/Player/Sound/Dash.uexp" 797
"S:/UnrealProjects/GMTKGameJam2022/Content/GameContent/Player/GUI/background_for_bar_optional_.uasset" 798
"S:/UnrealProjects/GMTKGameJam2022/Content/GameContent/Player/GUI/background_for_bar_optional_.uexp" 799
"S:/UnrealProjects/GMTKGameJam2022/Content/GameContent/Player/GUI/square.uasset" 800
"S:/UnrealProjects/GMTKGameJam2022/Content/GameContent/Player/GUI/square.uexp" 801
"S:/UnrealProjects/GMTKGameJam2022/Content/GameContent/Player/GUI/oct.uasset" 802
"S:/UnrealProjects/GMTKGameJam2022/Content/GameContent/Player/GUI/oct.uexp" 803
"S:/UnrealProjects/GMTKGameJam2022/Content/GameContent/Player/GUI/border_for_rolls.uasset" 804
"S:/UnrealProjects/GMTKGameJam2022/Content/GameContent/Player/GUI/border_for_rolls.uexp" 805
"S:/UnrealProjects/GMTKGameJam2022/Content/GameContent/Player/GUI/circ.uasset" 806
"S:/UnrealProjects/GMTKGameJam2022/Content/GameContent/Player/GUI/circ.uexp" 807
"S:/UnrealProjects/GMTKGameJam2022/Content/GameContent/Player/GUI/star.uasset" 808
"S:/UnrealProjects/GMTKGameJam2022/Content/GameContent/Player/GUI/star.uexp" 809
"S:/UnrealProjects/GMTKGameJam2022/Content/GameContent/Player/GUI/progress_meter.uasset" 810
"S:/UnrealProjects/GMTKGameJam2022/Content/GameContent/Player/GUI/progress_meter.uexp" 811
"S:/UnrealProjects/GMTKGameJam2022/Content/GameContent/Player/GUI/bar.uasset" 812
"S:/UnrealProjects/GMTKGameJam2022/Content/GameContent/Player/GUI/bar.uexp" 813
"S:/UnrealProjects/GMTKGameJam2022/Content/GameContent/Player/WBP_RollDie.uasset" 814
"S:/UnrealProjects/GMTKGameJam2022/Content/GameContent/Player/WBP_RollDie.uexp" 815
"S:/UnrealProjects/GMTKGameJam2022/Content/GameContent/Player/BP_Player3.uasset" 816
"S:/UnrealProjects/GMTKGameJam2022/Content/GameContent/Player/BP_Player3.uexp" 817
"S:/UnrealProjects/GMTKGameJam2022/Content/GameContent/GI_SavedData.uasset" 818
"S:/UnrealProjects/GMTKGameJam2022/Content/GameContent/GI_SavedData.uexp" 819
"S:/UnrealProjects/GMTKGameJam2022/Content/GameContent/Map/Bluepints/EndLevel.uasset" 820
"S:/UnrealProjects/GMTKGameJam2022/Content/GameContent/Map/Bluepints/EndLevel.uexp" 821
"S:/UnrealProjects/GMTKGameJam2022/Content/GameContent/Levels/_GENERATED/Frazier/Rectangle_C039E93D.ubulk" 822
"S:/UnrealProjects/GMTKGameJam2022/Content/GameContent/Levels/_GENERATED/Frazier/Rectangle_C039E93D.uasset" 823
"S:/UnrealProjects/GMTKGameJam2022/Content/GameContent/Levels/_GENERATED/Frazier/Rectangle_C039E93D.uexp" 824
"S:/UnrealProjects/GMTKGameJam2022/Content/GameContent/Levels/_GENERATED/Frazier/Box_7BCA4177.ubulk" 825
"S:/UnrealProjects/GMTKGameJam2022/Content/GameContent/Levels/_GENERATED/Frazier/Box_7BCA4177.uasset" 826
"S:/UnrealProjects/GMTKGameJam2022/Content/GameContent/Levels/_GENERATED/Frazier/Box_7BCA4177.uexp" 827
"S:/UnrealProjects/GMTKGameJam2022/Content/GameContent/Player/Disbanded/BP_Player2.uasset" 828
"S:/UnrealProjects/GMTKGameJam2022/Content/GameContent/Player/Disbanded/BP_Player2.uexp" 829
"S:/UnrealProjects/GMTKGameJam2022/Content/GameContent/Player/Disbanded/BP_Player.uasset" 830
"S:/UnrealProjects/GMTKGameJam2022/Content/GameContent/Player/Disbanded/BP_Player.uexp" 831
"S:/UnrealProjects/GMTKGameJam2022/Content/GameContent/Player/GUI/dropshadow.uasset" 832
"S:/UnrealProjects/GMTKGameJam2022/Content/GameContent/Player/GUI/dropshadow.uexp" 833
"../../../Engine/Content/Maps/Entry_BuiltData.uasset" 834
"../../../Engine/Content/Maps/Entry_BuiltData.uexp" 835
"../../../Engine/Content/Maps/Entry.uexp" 836
"../../../Engine/Content/Maps/Entry.umap" 837
"S:/UnrealProjects/GMTKGameJam2022/Content/GameContent/Menu/Mesh/Material_001.uasset" 838
"S:/UnrealProjects/GMTKGameJam2022/Content/GameContent/Menu/Mesh/Material_001.uexp" 839
"S:/UnrealProjects/GMTKGameJam2022/Content/GameContent/Menu/Mesh/DiceIntro__1__Cylinder_002.ubulk" 840
"S:/UnrealProjects/GMTKGameJam2022/Content/GameContent/Menu/Mesh/DiceIntro__1__Cylinder_002.uasset" 841
"S:/UnrealProjects/GMTKGameJam2022/Content/GameContent/Menu/Mesh/DiceIntro__1__Cylinder_002.uexp" 842
"S:/UnrealProjects/GMTKGameJam2022/Content/GameContent/Menu/Mesh/DiceIntro__1__Cylinder_014.ubulk" 843
"S:/UnrealProjects/GMTKGameJam2022/Content/GameContent/Menu/Mesh/DiceIntro__1__Cylinder_014.uasset" 844
"S:/UnrealProjects/GMTKGameJam2022/Content/GameContent/Menu/Mesh/DiceIntro__1__Cylinder_014.uexp" 845
"S:/UnrealProjects/GMTKGameJam2022/Content/GameContent/Menu/Mesh/DiceIntro__1__Cylinder_018.ubulk" 846
"S:/UnrealProjects/GMTKGameJam2022/Content/GameContent/Menu/Mesh/DiceIntro__1__Cylinder_018.uasset" 847
"S:/UnrealProjects/GMTKGameJam2022/Content/GameContent/Menu/Mesh/DiceIntro__1__Cylinder_018.uexp" 848
"S:/UnrealProjects/GMTKGameJam2022/Content/GameContent/Menu/Mesh/DiceIntro__1__Cylinder_012.ubulk" 849
"S:/UnrealProjects/GMTKGameJam2022/Content/GameContent/Menu/Mesh/DiceIntro__1__Cylinder_012.uasset" 850
"S:/UnrealProjects/GMTKGameJam2022/Content/GameContent/Menu/Mesh/DiceIntro__1__Cylinder_012.uexp" 851
"S:/UnrealProjects/GMTKGameJam2022/Content/GameContent/Menu/Mesh/DiceIntro__1__Cylinder_007.ubulk" 852
"S:/UnrealProjects/GMTKGameJam2022/Content/GameContent/Menu/Mesh/DiceIntro__1__Cylinder_007.uasset" 853
"S:/UnrealProjects/GMTKGameJam2022/Content/GameContent/Menu/Mesh/DiceIntro__1__Cylinder_007.uexp" 854
"S:/UnrealProjects/GMTKGameJam2022/Content/GameContent/Menu/Mesh/DiceIntro__1__Cylinder.ubulk" 855
"S:/UnrealProjects/GMTKGameJam2022/Content/GameContent/Menu/Mesh/DiceIntro__1__Cylinder.uasset" 856
"S:/UnrealProjects/GMTKGameJam2022/Content/GameContent/Menu/Mesh/DiceIntro__1__Cylinder.uexp" 857
"S:/UnrealProjects/GMTKGameJam2022/Content/GameContent/Menu/Mesh/DiceIntro__1__Cylinder_015.ubulk" 858
"S:/UnrealProjects/GMTKGameJam2022/Content/GameContent/Menu/Mesh/DiceIntro__1__Cylinder_015.uasset" 859
"S:/UnrealProjects/GMTKGameJam2022/Content/GameContent/Menu/Mesh/DiceIntro__1__Cylinder_015.uexp" 860
"S:/UnrealProjects/GMTKGameJam2022/Content/GameContent/Menu/Mesh/DiceIntro__1__Cylinder_017.ubulk" 861
"S:/UnrealProjects/GMTKGameJam2022/Content/GameContent/Menu/Mesh/DiceIntro__1__Cylinder_017.uasset" 862
"S:/UnrealProjects/GMTKGameJam2022/Content/GameContent/Menu/Mesh/DiceIntro__1__Cylinder_017.uexp" 863
"S:/UnrealProjects/GMTKGameJam2022/Content/GameContent/Menu/Mesh/DiceIntro__1__Cylinder_005.ubulk" 864
"S:/UnrealProjects/GMTKGameJam2022/Content/GameContent/Menu/Mesh/DiceIntro__1__Cylinder_005.uasset" 865
"S:/UnrealProjects/GMTKGameJam2022/Content/GameContent/Menu/Mesh/DiceIntro__1__Cylinder_005.uexp" 866
"S:/UnrealProjects/GMTKGameJam2022/Content/GameContent/Menu/Mesh/DiceIntro__1__Cylinder_001.ubulk" 867
"S:/UnrealProjects/GMTKGameJam2022/Content/GameContent/Menu/Mesh/DiceIntro__1__Cylinder_001.uasset" 868
"S:/UnrealProjects/GMTKGameJam2022/Content/GameContent/Menu/Mesh/DiceIntro__1__Cylinder_001.uexp" 869
"../../../Engine/Plugins/FX/Niagara/Content/Enums/ENiagaraExpansionMode.uasset" 870
"../../../Engine/Plugins/FX/Niagara/Content/Enums/ENiagaraExpansionMode.uexp" 871
"../../../Engine/Plugins/FX/Niagara/Content/Enums/ENiagaraSphereDistributionMode.uasset" 872
"../../../Engine/Plugins/FX/Niagara/Content/Enums/ENiagaraSphereDistributionMode.uexp" 873
"../../../Engine/Plugins/FX/Niagara/Content/Enums/ENiagaraTorusDistributionMode.uasset" 874
"../../../Engine/Plugins/FX/Niagara/Content/Enums/ENiagaraTorusDistributionMode.uexp" 875
"../../../Engine/Plugins/FX/Niagara/Content/Modules/Emitter/SpawnRate.uasset" 876
"../../../Engine/Plugins/FX/Niagara/Content/Modules/Emitter/SpawnRate.uexp" 877
"../../../Engine/Plugins/FX/Niagara/Content/Enums/Location/ENiagara_LocationShapes.uasset" 878
"../../../Engine/Plugins/FX/Niagara/Content/Enums/Location/ENiagara_LocationShapes.uexp" 879
"../../../Engine/Plugins/FX/Niagara/Content/Enums/Location/ENiagara_CylinderMode.uasset" 880
"../../../Engine/Plugins/FX/Niagara/Content/Enums/Location/ENiagara_CylinderMode.uexp" 881
"../../../Engine/Plugins/FX/Niagara/Content/Functions/FindAngleBetweenVectors.uasset" 882
"../../../Engine/Plugins/FX/Niagara/Content/Functions/FindAngleBetweenVectors.uexp" 883
"../../../Engine/Plugins/FX/Niagara/Content/Functions/V2/RemapRange.uasset" 884
"../../../Engine/Plugins/FX/Niagara/Content/Functions/V2/RemapRange.uexp" 885
"../../../Engine/Plugins/FX/Niagara/Content/Functions/V2/ConeMask.uasset" 886
"../../../Engine/Plugins/FX/Niagara/Content/Functions/V2/ConeMask.uexp" 887
"../../../Engine/Plugins/FX/Niagara/Content/VectorFields/Assets/TilingCurl32.uasset" 888
"../../../Engine/Plugins/FX/Niagara/Content/VectorFields/Assets/TilingCurl32.uexp" 889
"../../../Engine/Plugins/FX/Niagara/Content/Enums/ENiagaraCurlNoiseQuality.uasset" 890
"../../../Engine/Plugins/FX/Niagara/Content/Enums/ENiagaraCurlNoiseQuality.uexp" 891
"../../../Engine/Plugins/FX/Niagara/Content/VectorFields/Assets/TilingCurl64.uasset" 892
"../../../Engine/Plugins/FX/Niagara/Content/VectorFields/Assets/TilingCurl64.uexp" 893
"../../../Engine/Plugins/FX/Niagara/Content/Functions/Localspace/TransformPosition.uasset" 894
"../../../Engine/Plugins/FX/Niagara/Content/Functions/Localspace/TransformPosition.uexp" 895
"../../../Engine/Plugins/FX/Niagara/Content/VectorFields/Assets/TilingCurl16.uasset" 896
"../../../Engine/Plugins/FX/Niagara/Content/VectorFields/Assets/TilingCurl16.uexp" 897
"../../../Engine/Plugins/FX/Niagara/Content/Modules/Update/Forces/V2/CurlNoiseForce.uasset" 898
"../../../Engine/Plugins/FX/Niagara/Content/Modules/Update/Forces/V2/CurlNoiseForce.uexp" 899
"../../../Engine/Plugins/FX/Niagara/Content/Enums/Transforms/ENiagara_ScaleMode.uasset" 900
"../../../Engine/Plugins/FX/Niagara/Content/Enums/Transforms/ENiagara_ScaleMode.uexp" 901
"../../../Engine/Plugins/FX/Niagara/Content/Enums/Location/ENiagara_ConeMode.uasset" 902
"../../../Engine/Plugins/FX/Niagara/Content/Enums/Location/ENiagara_ConeMode.uexp" 903
"../../../Engine/Plugins/FX/Niagara/Content/Enums/ENiagara_AttributeSamplingApplyOutput.uasset" 904
"../../../Engine/Plugins/FX/Niagara/Content/Enums/ENiagara_AttributeSamplingApplyOutput.uexp" 905
"../../../Engine/Plugins/FX/Niagara/Content/DynamicInputs/TypeConversions/Vector2DFromFloat.uasset" 906
"../../../Engine/Plugins/FX/Niagara/Content/DynamicInputs/TypeConversions/Vector2DFromFloat.uexp" 907
"../../../Engine/Plugins/FX/Niagara/Content/Enums/Transforms/ENiagara_OffsetMode.uasset" 908
"../../../Engine/Plugins/FX/Niagara/Content/Enums/Transforms/ENiagara_OffsetMode.uexp" 909
"../../../Engine/Plugins/FX/Niagara/Content/Enums/Location/ENiagara_BoxPlaneMode.uasset" 910
"../../../Engine/Plugins/FX/Niagara/Content/Enums/Location/ENiagara_BoxPlaneMode.uexp" 911
"../../../Engine/Plugins/FX/Niagara/Content/Enums/Transforms/ENiagara_TransformOrder.uasset" 912
"../../../Engine/Plugins/FX/Niagara/Content/Enums/Transforms/ENiagara_TransformOrder.uexp" 913
"../../../Engine/Plugins/FX/Niagara/Content/Enums/Location/ENiagaraRingDiscMode.uasset" 914
"../../../Engine/Plugins/FX/Niagara/Content/Enums/Location/ENiagaraRingDiscMode.uexp" 915
"../../../Engine/Plugins/FX/Niagara/Content/Enums/ENiagaraShapeTorusMode.uasset" 916
"../../../Engine/Plugins/FX/Niagara/Content/Enums/ENiagaraShapeTorusMode.uexp" 917
"../../../Engine/Plugins/FX/Niagara/Content/Functions/Rotation/RotateVector2D.uasset" 918
"../../../Engine/Plugins/FX/Niagara/Content/Functions/Rotation/RotateVector2D.uexp" 919
"../../../Engine/Plugins/FX/Niagara/Content/Functions/IsolateLongestVectorComponent.uasset" 920
"../../../Engine/Plugins/FX/Niagara/Content/Functions/IsolateLongestVectorComponent.uexp" 921
"../../../Engine/Plugins/FX/Niagara/Content/Functions/RandomPointInBox.uasset" 922
"../../../Engine/Plugins/FX/Niagara/Content/Functions/RandomPointInBox.uexp" 923
"../../../Engine/Plugins/FX/Niagara/Content/Functions/ParametricTorusKnot.uasset" 924
"../../../Engine/Plugins/FX/Niagara/Content/Functions/ParametricTorusKnot.uexp" 925
"../../../Engine/Plugins/FX/Niagara/Content/Functions/PolarToCartesianCoordinates.uasset" 926
"../../../Engine/Plugins/FX/Niagara/Content/Functions/PolarToCartesianCoordinates.uexp" 927
"../../../Engine/Plugins/FX/Niagara/Content/Functions/ParametricTorus.uasset" 928
"../../../Engine/Plugins/FX/Niagara/Content/Functions/ParametricTorus.uexp" 929
"../../../Engine/Plugins/FX/Niagara/Content/Functions/NormalizedExecutionIndex.uasset" 930
"../../../Engine/Plugins/FX/Niagara/Content/Functions/NormalizedExecutionIndex.uexp" 931
"../../../Engine/Plugins/FX/Niagara/Content/Functions/SphericalToCartesianCoordinates.uasset" 932
"../../../Engine/Plugins/FX/Niagara/Content/Functions/SphericalToCartesianCoordinates.uexp" 933
"../../../Engine/Plugins/FX/Niagara/Content/Enums/Transforms/ENiagara_TransformType.uasset" 934
"../../../Engine/Plugins/FX/Niagara/Content/Enums/Transforms/ENiagara_TransformType.uexp" 935
"../../../Engine/Plugins/FX/Niagara/Content/Modules/Spawn/Location/V2/ShapeLocation.uasset" 936
"../../../Engine/Plugins/FX/Niagara/Content/Modules/Spawn/Location/V2/ShapeLocation.uexp" 937
"../../../Engine/Plugins/FX/Niagara/Content/Enums/SpriteRenderer/ENiagara_ScaleSpriteSize.uasset" 938
"../../../Engine/Plugins/FX/Niagara/Content/Enums/SpriteRenderer/ENiagara_ScaleSpriteSize.uexp" 939
"../../../Engine/Plugins/FX/Niagara/Content/Modules/Update/Size/ScaleSpriteSize.uasset" 940
"../../../Engine/Plugins/FX/Niagara/Content/Modules/Update/Size/ScaleSpriteSize.uexp" 941
"S:/UnrealProjects/GMTKGameJam2022/Content/GameContent/Menu/NS_Dust.uasset" 942
"S:/UnrealProjects/GMTKGameJam2022/Content/GameContent/Menu/NS_Dust.uexp" 943
"S:/UnrealProjects/GMTKGameJam2022/Content/GameContent/Map/Walls.uasset" 944
"S:/UnrealProjects/GMTKGameJam2022/Content/GameContent/Map/Walls.uexp" 945
"S:/UnrealProjects/GMTKGameJam2022/Content/GameContent/Map/Walls_Inst.uasset" 946
"S:/UnrealProjects/GMTKGameJam2022/Content/GameContent/Map/Walls_Inst.uexp" 947
"S:/UnrealProjects/GMTKGameJam2022/Content/GameContent/Menu/Mesh/DiceIntro__1__Cylinder_016.ubulk" 948
"S:/UnrealProjects/GMTKGameJam2022/Content/GameContent/Menu/Mesh/DiceIntro__1__Cylinder_016.uasset" 949
"S:/UnrealProjects/GMTKGameJam2022/Content/GameContent/Menu/Mesh/DiceIntro__1__Cylinder_016.uexp" 950
"S:/UnrealProjects/GMTKGameJam2022/Content/GameContent/Levels/LV_Menu_BuiltData.ubulk" 951
"S:/UnrealProjects/GMTKGameJam2022/Content/GameContent/Levels/LV_Menu_BuiltData.uasset" 952
"S:/UnrealProjects/GMTKGameJam2022/Content/GameContent/Levels/LV_Menu_BuiltData.uexp" 953
"S:/UnrealProjects/GMTKGameJam2022/Content/GameContent/Menu/Mesh/DiceIntro__1__Cylinder_011.ubulk" 954
"S:/UnrealProjects/GMTKGameJam2022/Content/GameContent/Menu/Mesh/DiceIntro__1__Cylinder_011.uasset" 955
"S:/UnrealProjects/GMTKGameJam2022/Content/GameContent/Menu/Mesh/DiceIntro__1__Cylinder_011.uexp" 956
"S:/UnrealProjects/GMTKGameJam2022/Content/GameContent/Menu/Mesh/DiceIntro__1__Cylinder_008.ubulk" 957
"S:/UnrealProjects/GMTKGameJam2022/Content/GameContent/Menu/Mesh/DiceIntro__1__Cylinder_008.uasset" 958
"S:/UnrealProjects/GMTKGameJam2022/Content/GameContent/Menu/Mesh/DiceIntro__1__Cylinder_008.uexp" 959
"S:/UnrealProjects/GMTKGameJam2022/Content/GameContent/Menu/Mesh/DiceIntro__1__Cylinder_009.ubulk" 960
"S:/UnrealProjects/GMTKGameJam2022/Content/GameContent/Menu/Mesh/DiceIntro__1__Cylinder_009.uasset" 961
"S:/UnrealProjects/GMTKGameJam2022/Content/GameContent/Menu/Mesh/DiceIntro__1__Cylinder_009.uexp" 962
"S:/UnrealProjects/GMTKGameJam2022/Content/GameContent/Menu/Mesh/DiceIntro__1__Cylinder_003.ubulk" 963
"S:/UnrealProjects/GMTKGameJam2022/Content/GameContent/Menu/Mesh/DiceIntro__1__Cylinder_003.uasset" 964
"S:/UnrealProjects/GMTKGameJam2022/Content/GameContent/Menu/Mesh/DiceIntro__1__Cylinder_003.uexp" 965
"S:/UnrealProjects/GMTKGameJam2022/Content/GameContent/Menu/Mesh/DiceIntro__1__Cylinder_004.ubulk" 966
"S:/UnrealProjects/GMTKGameJam2022/Content/GameContent/Menu/Mesh/DiceIntro__1__Cylinder_004.uasset" 967
"S:/UnrealProjects/GMTKGameJam2022/Content/GameContent/Menu/Mesh/DiceIntro__1__Cylinder_004.uexp" 968
"S:/UnrealProjects/GMTKGameJam2022/Content/GameContent/Menu/Mesh/DiceIntro__1__Cylinder_013.ubulk" 969
"S:/UnrealProjects/GMTKGameJam2022/Content/GameContent/Menu/Mesh/DiceIntro__1__Cylinder_013.uasset" 970
"S:/UnrealProjects/GMTKGameJam2022/Content/GameContent/Menu/Mesh/DiceIntro__1__Cylinder_013.uexp" 971
"S:/UnrealProjects/GMTKGameJam2022/Content/GameContent/Menu/Mesh/DiceIntro__1__Cylinder_010.ubulk" 972
"S:/UnrealProjects/GMTKGameJam2022/Content/GameContent/Menu/Mesh/DiceIntro__1__Cylinder_010.uasset" 973
"S:/UnrealProjects/GMTKGameJam2022/Content/GameContent/Menu/Mesh/DiceIntro__1__Cylinder_010.uexp" 974
"S:/UnrealProjects/GMTKGameJam2022/Content/GameContent/Menu/Mesh/DiceIntro__1__Cylinder_019.ubulk" 975
"S:/UnrealProjects/GMTKGameJam2022/Content/GameContent/Menu/Mesh/DiceIntro__1__Cylinder_019.uasset" 976
"S:/UnrealProjects/GMTKGameJam2022/Content/GameContent/Menu/Mesh/DiceIntro__1__Cylinder_019.uexp" 977
"S:/UnrealProjects/GMTKGameJam2022/Content/GameContent/Menu/Mesh/DiceIntro__1__Cylinder_006.ubulk" 978
"S:/UnrealProjects/GMTKGameJam2022/Content/GameContent/Menu/Mesh/DiceIntro__1__Cylinder_006.uasset" 979
"S:/UnrealProjects/GMTKGameJam2022/Content/GameContent/Menu/Mesh/DiceIntro__1__Cylinder_006.uexp" 980
"S:/UnrealProjects/GMTKGameJam2022/Content/GameContent/Menu/WBP_Menu.uasset" 981
"S:/UnrealProjects/GMTKGameJam2022/Content/GameContent/Menu/WBP_Menu.uexp" 982
"S:/UnrealProjects/GMTKGameJam2022/Content/GameContent/Menu/415805__sunsai__menu-background-music.ubulk" 983
"S:/UnrealProjects/GMTKGameJam2022/Content/GameContent/Menu/415805__sunsai__menu-background-music.uasset" 984
"S:/UnrealProjects/GMTKGameJam2022/Content/GameContent/Menu/415805__sunsai__menu-background-music.uexp" 985
"S:/UnrealProjects/GMTKGameJam2022/Content/GameContent/Menu/BP_MenuPlayer.uasset" 986
"S:/UnrealProjects/GMTKGameJam2022/Content/GameContent/Menu/BP_MenuPlayer.uexp" 987
"S:/UnrealProjects/GMTKGameJam2022/Content/GameContent/Menu/BP_Controller.uasset" 988
"S:/UnrealProjects/GMTKGameJam2022/Content/GameContent/Menu/BP_Controller.uexp" 989
"S:/UnrealProjects/GMTKGameJam2022/Content/GameContent/Menu/GM_Menu.uasset" 990
"S:/UnrealProjects/GMTKGameJam2022/Content/GameContent/Menu/GM_Menu.uexp" 991
"S:/UnrealProjects/GMTKGameJam2022/Content/GameContent/Menu/Mesh/Material.uasset" 992
"S:/UnrealProjects/GMTKGameJam2022/Content/GameContent/Menu/Mesh/Material.uexp" 993
"S:/UnrealProjects/GMTKGameJam2022/Content/GameContent/Menu/Mesh/DiceIntro__1__Cube.ubulk" 994
"S:/UnrealProjects/GMTKGameJam2022/Content/GameContent/Menu/Mesh/DiceIntro__1__Cube.uasset" 995
"S:/UnrealProjects/GMTKGameJam2022/Content/GameContent/Menu/Mesh/DiceIntro__1__Cube.uexp" 996
"S:/UnrealProjects/GMTKGameJam2022/Content/GameContent/Menu/Mesh/DiceIntro__1__Cylinder_020.ubulk" 997
"S:/UnrealProjects/GMTKGameJam2022/Content/GameContent/Menu/Mesh/DiceIntro__1__Cylinder_020.uasset" 998
"S:/UnrealProjects/GMTKGameJam2022/Content/GameContent/Menu/Mesh/DiceIntro__1__Cylinder_020.uexp" 999
"S:/UnrealProjects/GMTKGameJam2022/Content/GameContent/Levels/LV_Menu.uexp" 1000
"S:/UnrealProjects/GMTKGameJam2022/Content/GameContent/Levels/LV_Menu.umap" 1001
"S:/UnrealProjects/GMTKGameJam2022/Content/GameContent/Map/Lava_Inst.uasset" 1002
"S:/UnrealProjects/GMTKGameJam2022/Content/GameContent/Map/Lava_Inst.uexp" 1003
"S:/UnrealProjects/GMTKGameJam2022/Content/GameContent/Enemy/BP_BasicProjectile.uasset" 1004
"S:/UnrealProjects/GMTKGameJam2022/Content/GameContent/Enemy/BP_BasicProjectile.uexp" 1005
"S:/UnrealProjects/GMTKGameJam2022/Content/GameContent/Enemy/219619__ani-music__pew-pew-sound-effect-peww1.ubulk" 1006
"S:/UnrealProjects/GMTKGameJam2022/Content/GameContent/Enemy/219619__ani-music__pew-pew-sound-effect-peww1.uasset" 1007
"S:/UnrealProjects/GMTKGameJam2022/Content/GameContent/Enemy/219619__ani-music__pew-pew-sound-effect-peww1.uexp" 1008
"S:/UnrealProjects/GMTKGameJam2022/Content/GameContent/Enemy/Material_001.uasset" 1009
"S:/UnrealProjects/GMTKGameJam2022/Content/GameContent/Enemy/Material_001.uexp" 1010
"S:/UnrealProjects/GMTKGameJam2022/Content/GameContent/Enemy/DeathBall__1__DeathBall.ubulk" 1011
"S:/UnrealProjects/GMTKGameJam2022/Content/GameContent/Enemy/DeathBall__1__DeathBall.uasset" 1012
"S:/UnrealProjects/GMTKGameJam2022/Content/GameContent/Enemy/DeathBall__1__DeathBall.uexp" 1013
"S:/UnrealProjects/GMTKGameJam2022/Content/GameContent/Enemy/Material_002.uasset" 1014
"S:/UnrealProjects/GMTKGameJam2022/Content/GameContent/Enemy/Material_002.uexp" 1015
"S:/UnrealProjects/GMTKGameJam2022/Content/GameContent/Enemy/Material_004.uasset" 1016
"S:/UnrealProjects/GMTKGameJam2022/Content/GameContent/Enemy/Material_004.uexp" 1017
"S:/UnrealProjects/GMTKGameJam2022/Content/GameContent/Enemy/DeathBall__1__SorryPin.ubulk" 1018
"S:/UnrealProjects/GMTKGameJam2022/Content/GameContent/Enemy/DeathBall__1__SorryPin.uasset" 1019
"S:/UnrealProjects/GMTKGameJam2022/Content/GameContent/Enemy/DeathBall__1__SorryPin.uexp" 1020
"S:/UnrealProjects/GMTKGameJam2022/Content/GameContent/Enemy/DeathBallModel.uasset" 1021
"S:/UnrealProjects/GMTKGameJam2022/Content/GameContent/Enemy/DeathBallModel.uexp" 1022
"S:/UnrealProjects/GMTKGameJam2022/Content/GameContent/Player/Sound/DeathSound.ubulk" 1023
"S:/UnrealProjects/GMTKGameJam2022/Content/GameContent/Player/Sound/DeathSound.uasset" 1024
"S:/UnrealProjects/GMTKGameJam2022/Content/GameContent/Player/Sound/DeathSound.uexp" 1025
"S:/UnrealProjects/GMTKGameJam2022/Content/GameContent/Enemy/BP_BasicEnemy.uasset" 1026
"S:/UnrealProjects/GMTKGameJam2022/Content/GameContent/Enemy/BP_BasicEnemy.uexp" 1027
"../../../Engine/Content/EngineMaterials/BlendFunc_DefBlend.uasset" 1028
"../../../Engine/Content/EngineMaterials/BlendFunc_DefBlend.uexp" 1029
"../../../Engine/Content/EngineMaterials/BlendFunc_DefBase.uasset" 1030
"../../../Engine/Content/EngineMaterials/BlendFunc_DefBase.uexp" 1031
"../../../Engine/Content/Functions/Engine_MaterialFunctions03/Blends/Blend_Overlay.uasset" 1032
"../../../Engine/Content/Functions/Engine_MaterialFunctions03/Blends/Blend_Overlay.uexp" 1033
"../../../Engine/Content/OpenWorldTemplate/LandscapeMaterial/T_GridChecker_A.ubulk" 1034
"../../../Engine/Content/OpenWorldTemplate/LandscapeMaterial/T_GridChecker_A.uasset" 1035
"../../../Engine/Content/OpenWorldTemplate/LandscapeMaterial/T_GridChecker_A.uexp" 1036
"../../../Engine/Content/Functions/Engine_MaterialFunctions01/Gradient/LinearGradient.uasset" 1037
"../../../Engine/Content/Functions/Engine_MaterialFunctions01/Gradient/LinearGradient.uexp" 1038
"../../../Engine/Content/Functions/Engine_MaterialFunctions01/ImageAdjustment/CheapContrast.uasset" 1039
"../../../Engine/Content/Functions/Engine_MaterialFunctions01/ImageAdjustment/CheapContrast.uexp" 1040
"../../../Engine/Content/OpenWorldTemplate/LandscapeMaterial/MF_ProcGrid.uasset" 1041
"../../../Engine/Content/OpenWorldTemplate/LandscapeMaterial/MF_ProcGrid.uexp" 1042
"../../../Engine/Content/OpenWorldTemplate/LandscapeMaterial/M_ProcGrid.uasset" 1043
"../../../Engine/Content/OpenWorldTemplate/LandscapeMaterial/M_ProcGrid.uexp" 1044
"../../../Engine/Content/OpenWorldTemplate/LandscapeMaterial/MI_ProcGrid.uasset" 1045
"../../../Engine/Content/OpenWorldTemplate/LandscapeMaterial/MI_ProcGrid.uexp" 1046
"S:/UnrealProjects/GMTKGameJam2022/Content/GameContent/Floor.uasset" 1047
"S:/UnrealProjects/GMTKGameJam2022/Content/GameContent/Floor.uexp" 1048
"S:/UnrealProjects/GMTKGameJam2022/Content/GameContent/Map/Meshes/circle.ubulk" 1049
"S:/UnrealProjects/GMTKGameJam2022/Content/GameContent/Map/Meshes/circle.uasset" 1050
"S:/UnrealProjects/GMTKGameJam2022/Content/GameContent/Map/Meshes/circle.uexp" 1051
"S:/UnrealProjects/GMTKGameJam2022/Content/GameContent/Map/Mat_Custom_Depth_Draw.uasset" 1052
"S:/UnrealProjects/GMTKGameJam2022/Content/GameContent/Map/Mat_Custom_Depth_Draw.uexp" 1053
"S:/UnrealProjects/GMTKGameJam2022/Content/GameContent/Map/Mat_Custom_Depth_Draw_Inst.uasset" 1054
"S:/UnrealProjects/GMTKGameJam2022/Content/GameContent/Map/Mat_Custom_Depth_Draw_Inst.uexp" 1055
"../../../Engine/Content/EngineSky/T_Sky_Stars.ubulk" 1056
"../../../Engine/Content/EngineSky/T_Sky_Stars.uasset" 1057
"../../../Engine/Content/EngineSky/T_Sky_Stars.uexp" 1058
"../../../Engine/Content/EngineSky/T_Sky_Clouds_M.ubulk" 1059
"../../../Engine/Content/EngineSky/T_Sky_Clouds_M.uasset" 1060
"../../../Engine/Content/EngineSky/T_Sky_Clouds_M.uexp" 1061
"../../../Engine/Content/EngineSky/T_Sky_Blue.ubulk" 1062
"../../../Engine/Content/EngineSky/T_Sky_Blue.uasset" 1063
"../../../Engine/Content/EngineSky/T_Sky_Blue.uexp" 1064
"../../../Engine/Content/EngineSky/M_Sky_Panning_Clouds2.uasset" 1065
"../../../Engine/Content/EngineSky/M_Sky_Panning_Clouds2.uexp" 1066
"../../../Engine/Content/EngineSky/SM_SkySphere.ubulk" 1067
"../../../Engine/Content/EngineSky/SM_SkySphere.uasset" 1068
"../../../Engine/Content/EngineSky/SM_SkySphere.uexp" 1069
"S:/UnrealProjects/GMTKGameJam2022/Content/GameContent/Levels/_GENERATED/Frazier/Box_A9E2114D.ubulk" 1070
"S:/UnrealProjects/GMTKGameJam2022/Content/GameContent/Levels/_GENERATED/Frazier/Box_A9E2114D.uasset" 1071
"S:/UnrealProjects/GMTKGameJam2022/Content/GameContent/Levels/_GENERATED/Frazier/Box_A9E2114D.uexp" 1072
"../../../Engine/Content/MapTemplates/SM_Template_Map_Floor.ubulk" 1073
"../../../Engine/Content/MapTemplates/SM_Template_Map_Floor.uasset" 1074
"../../../Engine/Content/MapTemplates/SM_Template_Map_Floor.uexp" 1075
"S:/UnrealProjects/GMTKGameJam2022/Content/GameContent/Map/Mat_Custom_Depth_Draw_Inst_Finish.uasset" 1076
"S:/UnrealProjects/GMTKGameJam2022/Content/GameContent/Map/Mat_Custom_Depth_Draw_Inst_Finish.uexp" 1077
"S:/UnrealProjects/GMTKGameJam2022/Content/GameContent/GM_Level.uasset" 1078
"S:/UnrealProjects/GMTKGameJam2022/Content/GameContent/GM_Level.uexp" 1079
"S:/UnrealProjects/GMTKGameJam2022/Content/GameContent/Map/Meshes/square.ubulk" 1080
"S:/UnrealProjects/GMTKGameJam2022/Content/GameContent/Map/Meshes/square.uasset" 1081
"S:/UnrealProjects/GMTKGameJam2022/Content/GameContent/Map/Meshes/square.uexp" 1082
"S:/UnrealProjects/GMTKGameJam2022/Content/GameContent/Map/Meshes/octogon.ubulk" 1083
"S:/UnrealProjects/GMTKGameJam2022/Content/GameContent/Map/Meshes/octogon.uasset" 1084
"S:/UnrealProjects/GMTKGameJam2022/Content/GameContent/Map/Meshes/octogon.uexp" 1085
"S:/UnrealProjects/GMTKGameJam2022/Content/GameContent/Map/Meshes/star.ubulk" 1086
"S:/UnrealProjects/GMTKGameJam2022/Content/GameContent/Map/Meshes/star.uasset" 1087
"S:/UnrealProjects/GMTKGameJam2022/Content/GameContent/Map/Meshes/star.uexp" 1088
"S:/UnrealProjects/GMTKGameJam2022/Content/GameContent/MapShapes.uasset" 1089
"S:/UnrealProjects/GMTKGameJam2022/Content/GameContent/MapShapes.uexp" 1090
"S:/UnrealProjects/GMTKGameJam2022/Content/GameContent/Map/Win_Inst.uasset" 1091
"S:/UnrealProjects/GMTKGameJam2022/Content/GameContent/Map/Win_Inst.uexp" 1092
"S:/UnrealProjects/GMTKGameJam2022/Content/GameContent/Map/Meshes/flag.ubulk" 1093
"S:/UnrealProjects/GMTKGameJam2022/Content/GameContent/Map/Meshes/flag.uasset" 1094
"S:/UnrealProjects/GMTKGameJam2022/Content/GameContent/Map/Meshes/flag.uexp" 1095
"S:/UnrealProjects/GMTKGameJam2022/Content/GameContent/Levels/_GENERATED/Frazier/Box_DD6CA8F8.ubulk" 1096
"S:/UnrealProjects/GMTKGameJam2022/Content/GameContent/Levels/_GENERATED/Frazier/Box_DD6CA8F8.uasset" 1097
"S:/UnrealProjects/GMTKGameJam2022/Content/GameContent/Levels/_GENERATED/Frazier/Box_DD6CA8F8.uexp" 1098
"../../../Engine/Content/EngineSky/M_SimpleSkyDome.uasset" 1099
"../../../Engine/Content/EngineSky/M_SimpleSkyDome.uexp" 1100
"S:/UnrealProjects/GMTKGameJam2022/Content/GameContent/Levels/LV_Level2.uexp" 1101
"S:/UnrealProjects/GMTKGameJam2022/Content/GameContent/Levels/LV_Level2.umap" 1102
"S:/UnrealProjects/GMTKGameJam2022/Content/GameContent/Levels/LV_Level1_BuiltData.ubulk" 1103
"S:/UnrealProjects/GMTKGameJam2022/Content/GameContent/Levels/LV_Level1_BuiltData.uasset" 1104
"S:/UnrealProjects/GMTKGameJam2022/Content/GameContent/Levels/LV_Level1_BuiltData.uexp" 1105
"S:/UnrealProjects/GMTKGameJam2022/Content/GameContent/Levels/LV_Level1.uexp" 1106
"S:/UnrealProjects/GMTKGameJam2022/Content/GameContent/Levels/LV_Level1.umap" 1107
"S:/UnrealProjects/GMTKGameJam2022/Content/GameContent/Intro/IntroPlayer.uasset" 1108
"S:/UnrealProjects/GMTKGameJam2022/Content/GameContent/Intro/IntroPlayer.uexp" 1109
"S:/UnrealProjects/GMTKGameJam2022/Content/GameContent/Intro/PlayerPic.uasset" 1110
"S:/UnrealProjects/GMTKGameJam2022/Content/GameContent/Intro/PlayerPic.uexp" 1111
"S:/UnrealProjects/GMTKGameJam2022/Content/GameContent/Intro/PlayerIntroImage.uasset" 1112
"S:/UnrealProjects/GMTKGameJam2022/Content/GameContent/Intro/PlayerIntroImage.uexp" 1113
"S:/UnrealProjects/GMTKGameJam2022/Content/GameContent/Intro/PC_Intro.uasset" 1114
"S:/UnrealProjects/GMTKGameJam2022/Content/GameContent/Intro/PC_Intro.uexp" 1115
"S:/UnrealProjects/GMTKGameJam2022/Content/GameContent/Intro/DiceIntro.uasset" 1116
"S:/UnrealProjects/GMTKGameJam2022/Content/GameContent/Intro/DiceIntro.uexp" 1117
"S:/UnrealProjects/GMTKGameJam2022/Content/GameContent/Intro/BP_IntroPlayer.uasset" 1118
"S:/UnrealProjects/GMTKGameJam2022/Content/GameContent/Intro/BP_IntroPlayer.uexp" 1119
"S:/UnrealProjects/GMTKGameJam2022/Content/GameContent/Intro/GM_Intro.uasset" 1120
"S:/UnrealProjects/GMTKGameJam2022/Content/GameContent/Intro/GM_Intro.uexp" 1121
"S:/UnrealProjects/GMTKGameJam2022/Content/GameContent/Levels/LV_Intro.uexp" 1122
"S:/UnrealProjects/GMTKGameJam2022/Content/GameContent/Levels/LV_Intro.umap" 1123
"S:/UnrealProjects/GMTKGameJam2022/Content/GameContent/Map/Lava.uasset" 1124
"S:/UnrealProjects/GMTKGameJam2022/Content/GameContent/Map/Lava.uexp" 1125
"S:/UnrealProjects/GMTKGameJam2022/Content/GameContent/Levels/LV_Level3.uexp" 1126
"S:/UnrealProjects/GMTKGameJam2022/Content/GameContent/Levels/LV_Level3.umap" 1127
